0 verbose cli /usr/local/bin/node /usr/local/bin/npm
1 info using npm@11.6.2
2 info using node@v24.11.1
3 silly config load:file:/usr/local/lib/node_modules/npm/npmrc
4 silly config load:file:/Users/domesanj/Documents/Projects/My Portfolio main/.npmrc
5 silly config load:file:/Users/domesanj/.npmrc
6 silly config load:file:/usr/local/etc/npmrc
7 verbose title npm install gsap lenis three @react-three/fiber @react-three/drei lucide-react clsx tailwind-merge
8 verbose argv "install" "gsap" "lenis" "three" "@react-three/fiber" "@react-three/drei" "lucide-react" "clsx" "tailwind-merge" "--legacy-peer-deps" "--cache" ".npm-cache"
9 verbose logfile logs-max:10 dir:/Users/domesanj/Documents/Projects/My Portfolio main/.npm-cache/_logs/2026-04-26T10_16_54_575Z-
10 verbose logfile /Users/domesanj/Documents/Projects/My Portfolio main/.npm-cache/_logs/2026-04-26T10_16_54_575Z-debug-0.log
11 silly logfile done cleaning log files
12 silly packumentCache heap:2348810240 maxSize:587202560 maxEntrySize:293601280
13 verbose shrinkwrap failed to load node_modules/.package-lock.json out of date, updated: node_modules
14 silly idealTree buildDeps
15 silly fetch manifest gsap@*
16 silly packumentCache full:https://registry.npmjs.org/gsap cache-miss
17 http fetch GET 200 https://registry.npmjs.org/gsap 372ms (cache miss)
18 silly packumentCache full:https://registry.npmjs.org/gsap set size:undefined disposed:false
19 silly fetch manifest lenis@*
20 silly packumentCache full:https://registry.npmjs.org/lenis cache-miss
21 http fetch GET 200 https://registry.npmjs.org/npm 525ms
22 http fetch GET 200 https://registry.npmjs.org/lenis 281ms (cache miss)
23 silly packumentCache full:https://registry.npmjs.org/lenis set size:undefined disposed:false
24 silly fetch manifest three@*
25 silly packumentCache full:https://registry.npmjs.org/three cache-miss
26 http fetch GET 200 https://registry.npmjs.org/three 435ms (cache miss)
27 silly packumentCache full:https://registry.npmjs.org/three set size:undefined disposed:false
28 silly fetch manifest @react-three/fiber@*
29 silly packumentCache full:https://registry.npmjs.org/@react-three%2ffiber cache-miss
30 http fetch GET 200 https://registry.npmjs.org/@react-three%2ffiber 200ms (cache miss)
31 silly packumentCache full:https://registry.npmjs.org/@react-three%2ffiber set size:undefined disposed:false
32 silly fetch manifest @react-three/drei@*
33 silly packumentCache full:https://registry.npmjs.org/@react-three%2fdrei cache-miss
34 http fetch GET 200 https://registry.npmjs.org/@react-three%2fdrei 972ms (cache miss)
35 silly packumentCache full:https://registry.npmjs.org/@react-three%2fdrei set size:undefined disposed:false
36 silly fetch manifest lucide-react@*
37 silly packumentCache full:https://registry.npmjs.org/lucide-react cache-miss
38 http fetch GET 200 https://registry.npmjs.org/lucide-react 365ms (cache miss)
39 silly packumentCache full:https://registry.npmjs.org/lucide-react set size:undefined disposed:false
40 silly fetch manifest clsx@*
41 silly packumentCache full:https://registry.npmjs.org/clsx cache-miss
42 http fetch GET 200 https://registry.npmjs.org/clsx 71ms (cache miss)
43 silly packumentCache full:https://registry.npmjs.org/clsx set size:undefined disposed:false
44 silly fetch manifest tailwind-merge@*
45 silly packumentCache full:https://registry.npmjs.org/tailwind-merge cache-miss
46 http fetch GET 200 https://registry.npmjs.org/tailwind-merge 241ms (cache miss)
47 silly packumentCache full:https://registry.npmjs.org/tailwind-merge set size:undefined disposed:false
48 silly placeDep ROOT @react-three/drei@10.7.7 OK for: ds-sujai-portfolio@1.0.0 want: *
49 silly placeDep ROOT @react-three/fiber@9.6.0 OK for: ds-sujai-portfolio@1.0.0 want: *
50 silly placeDep ROOT clsx@2.1.1 OK for: ds-sujai-portfolio@1.0.0 want: *
51 silly placeDep ROOT gsap@3.15.0 OK for: ds-sujai-portfolio@1.0.0 want: *
52 silly placeDep ROOT lenis@1.3.23 OK for: ds-sujai-portfolio@1.0.0 want: *
53 silly placeDep ROOT lucide-react@1.11.0 OK for: ds-sujai-portfolio@1.0.0 want: *
54 silly placeDep ROOT tailwind-merge@3.5.0 OK for: ds-sujai-portfolio@1.0.0 want: *
55 silly placeDep ROOT three@0.184.0 OK for: ds-sujai-portfolio@1.0.0 want: *
56 silly fetch manifest maath@^0.10.8
57 silly packumentCache full:https://registry.npmjs.org/maath cache-miss
58 silly fetch manifest hls.js@^1.5.17
59 silly packumentCache full:https://registry.npmjs.org/hls.js cache-miss
60 silly fetch manifest zustand@^5.0.1
61 silly packumentCache full:https://registry.npmjs.org/zustand cache-miss
62 silly fetch manifest meshline@^3.3.1
63 silly packumentCache full:https://registry.npmjs.org/meshline cache-miss
64 silly fetch manifest stats-gl@^2.2.8
65 silly packumentCache full:https://registry.npmjs.org/stats-gl cache-miss
66 silly fetch manifest stats.js@^0.17.0
67 silly packumentCache full:https://registry.npmjs.org/stats.js cache-miss
68 silly fetch manifest cross-env@^7.0.3
69 silly packumentCache full:https://registry.npmjs.org/cross-env cache-miss
70 http fetch GET 200 https://registry.npmjs.org/maath 82ms (cache miss)
71 silly packumentCache full:https://registry.npmjs.org/maath set size:undefined disposed:false
72 silly fetch manifest detect-gpu@^5.0.56
73 silly packumentCache full:https://registry.npmjs.org/detect-gpu cache-miss
74 http fetch GET 200 https://registry.npmjs.org/detect-gpu 308ms (cache miss)
75 silly packumentCache full:https://registry.npmjs.org/detect-gpu set size:undefined disposed:false
76 silly fetch manifest glsl-noise@^0.0.0
77 silly packumentCache full:https://registry.npmjs.org/glsl-noise cache-miss
78 http fetch GET 200 https://registry.npmjs.org/stats-gl 508ms (cache miss)
79 silly packumentCache full:https://registry.npmjs.org/stats-gl set size:undefined disposed:false
80 silly fetch manifest tunnel-rat@^0.1.2
81 silly packumentCache full:https://registry.npmjs.org/tunnel-rat cache-miss
82 http fetch GET 200 https://registry.npmjs.org/stats.js 532ms (cache miss)
83 silly packumentCache full:https://registry.npmjs.org/stats.js set size:undefined disposed:false
84 silly fetch manifest three-stdlib@^2.35.6
85 silly packumentCache full:https://registry.npmjs.org/three-stdlib cache-miss
86 http fetch GET 200 https://registry.npmjs.org/meshline 591ms (cache miss)
87 silly packumentCache full:https://registry.npmjs.org/meshline set size:undefined disposed:false
88 silly fetch manifest suspend-react@^0.1.3
89 silly packumentCache full:https://registry.npmjs.org/suspend-react cache-miss
90 http fetch GET 200 https://registry.npmjs.org/cross-env 606ms (cache miss)
91 silly packumentCache full:https://registry.npmjs.org/cross-env set size:undefined disposed:false
92 silly fetch manifest utility-types@^3.11.0
93 silly packumentCache full:https://registry.npmjs.org/utility-types cache-miss
94 http fetch GET 200 https://registry.npmjs.org/glsl-noise 378ms (cache miss)
95 silly packumentCache full:https://registry.npmjs.org/glsl-noise set size:undefined disposed:false
96 silly fetch manifest @babel/runtime@^7.26.0
97 silly packumentCache full:https://registry.npmjs.org/@babel%2fruntime cache-miss
98 http fetch GET 200 https://registry.npmjs.org/tunnel-rat 411ms (cache miss)
99 silly packumentCache full:https://registry.npmjs.org/tunnel-rat set size:undefined disposed:false
100 silly fetch manifest three-mesh-bvh@^0.8.3
101 silly packumentCache full:https://registry.npmjs.org/three-mesh-bvh cache-miss
102 http fetch GET 200 https://registry.npmjs.org/zustand 1066ms (cache miss)
103 silly packumentCache full:https://registry.npmjs.org/zustand set size:undefined disposed:false
104 silly fetch manifest camera-controls@^3.1.0
105 silly packumentCache full:https://registry.npmjs.org/camera-controls cache-miss
106 http fetch GET 200 https://registry.npmjs.org/suspend-react 486ms (cache miss)
107 silly packumentCache full:https://registry.npmjs.org/suspend-react set size:undefined disposed:false
108 silly fetch manifest troika-three-text@^0.52.4
109 silly packumentCache full:https://registry.npmjs.org/troika-three-text cache-miss
110 http fetch GET 200 https://registry.npmjs.org/utility-types 486ms (cache miss)
111 silly packumentCache full:https://registry.npmjs.org/utility-types set size:undefined disposed:false
112 silly fetch manifest @use-gesture/react@^10.3.1
113 silly packumentCache full:https://registry.npmjs.org/@use-gesture%2freact cache-miss
114 http fetch GET 200 https://registry.npmjs.org/three-mesh-bvh 654ms (cache miss)
115 silly packumentCache full:https://registry.npmjs.org/three-mesh-bvh set size:undefined disposed:false
116 silly fetch manifest @monogrid/gainmap-js@^3.0.6
117 silly packumentCache full:https://registry.npmjs.org/@monogrid%2fgainmap-js cache-miss
118 http fetch GET 200 https://registry.npmjs.org/three-stdlib 1086ms (cache miss)
119 silly packumentCache full:https://registry.npmjs.org/three-stdlib set size:undefined disposed:false
120 silly fetch manifest @mediapipe/tasks-vision@0.10.17
121 silly packumentCache full:https://registry.npmjs.org/@mediapipe%2ftasks-vision cache-miss
122 http fetch GET 200 https://registry.npmjs.org/troika-three-text 659ms (cache miss)
123 silly packumentCache full:https://registry.npmjs.org/troika-three-text set size:undefined disposed:false
124 silly fetch manifest use-sync-external-store@^1.4.0
125 silly packumentCache full:https://registry.npmjs.org/use-sync-external-store cache-miss
126 http fetch GET 200 https://registry.npmjs.org/@use-gesture%2freact 749ms (cache miss)
127 silly packumentCache full:https://registry.npmjs.org/@use-gesture%2freact set size:undefined disposed:false
128 silly fetch manifest @babel/runtime@^7.17.8
129 silly packumentCache full:https://registry.npmjs.org/@babel%2fruntime cache-miss
130 http fetch GET 200 https://registry.npmjs.org/@babel%2fruntime 1176ms (cache miss)
131 silly packumentCache full:https://registry.npmjs.org/@babel%2fruntime set size:undefined disposed:false
132 silly fetch manifest @types/webxr@*
133 silly packumentCache full:https://registry.npmjs.org/@types%2fwebxr cache-miss
134 http fetch GET 200 https://registry.npmjs.org/@monogrid%2fgainmap-js 419ms (cache miss)
135 silly packumentCache full:https://registry.npmjs.org/@monogrid%2fgainmap-js set size:undefined disposed:false
136 silly fetch manifest base64-js@^1.5.1
137 silly packumentCache full:https://registry.npmjs.org/base64-js cache-miss
138 http fetch GET 200 https://registry.npmjs.org/camera-controls 1038ms (cache miss)
139 silly packumentCache full:https://registry.npmjs.org/camera-controls set size:undefined disposed:false
140 silly fetch manifest buffer@^6.0.3
141 silly packumentCache full:https://registry.npmjs.org/buffer cache-miss
142 http fetch GET 200 https://registry.npmjs.org/@types%2fwebxr 486ms (cache miss)
143 silly packumentCache full:https://registry.npmjs.org/@types%2fwebxr set size:undefined disposed:false
144 silly fetch manifest its-fine@^2.0.0
145 silly packumentCache full:https://registry.npmjs.org/its-fine cache-miss
146 http fetch GET 200 https://registry.npmjs.org/base64-js 478ms (cache miss)
147 silly packumentCache full:https://registry.npmjs.org/base64-js set size:undefined disposed:false
148 silly fetch manifest react-use-measure@^2.1.7
149 silly packumentCache full:https://registry.npmjs.org/react-use-measure cache-miss
150 http fetch GET 200 https://registry.npmjs.org/@mediapipe%2ftasks-vision 901ms (cache miss)
151 silly packumentCache full:https://registry.npmjs.org/@mediapipe%2ftasks-vision set size:undefined disposed:false
152 silly fetch manifest scheduler@^0.27.0
153 silly packumentCache full:https://registry.npmjs.org/scheduler cache-miss
154 http fetch GET 200 https://registry.npmjs.org/buffer 495ms (cache miss)
155 silly packumentCache full:https://registry.npmjs.org/buffer set size:undefined disposed:false
156 silly fetch manifest use-sync-external-store@^1.4.0
157 silly packumentCache full:https://registry.npmjs.org/use-sync-external-store cache-miss
158 http fetch GET 200 https://registry.npmjs.org/react-use-measure 451ms (cache miss)
159 silly packumentCache full:https://registry.npmjs.org/react-use-measure set size:undefined disposed:false
160 silly fetch manifest zustand@^5.0.3
161 silly packumentCache full:https://registry.npmjs.org/zustand cache-miss
162 http cache https://registry.npmjs.org/zustand 8ms (cache hit)
163 silly packumentCache full:https://registry.npmjs.org/zustand set size:499606 disposed:false
164 http fetch GET 200 https://registry.npmjs.org/its-fine 481ms (cache miss)
165 silly packumentCache full:https://registry.npmjs.org/its-fine set size:undefined disposed:false
166 http fetch GET 200 https://registry.npmjs.org/@babel%2fruntime 1564ms (cache miss)
167 silly packumentCache full:https://registry.npmjs.org/@babel%2fruntime set size:undefined disposed:false
168 http fetch GET 200 https://registry.npmjs.org/hls.js 6303ms (cache miss)
169 silly packumentCache full:https://registry.npmjs.org/hls.js set size:undefined disposed:false
170 http fetch GET 200 https://registry.npmjs.org/use-sync-external-store 6239ms (cache miss)
171 silly packumentCache full:https://registry.npmjs.org/use-sync-external-store set size:undefined disposed:false
172 http fetch GET 200 https://registry.npmjs.org/use-sync-external-store 5503ms (cache miss)
173 silly packumentCache full:https://registry.npmjs.org/use-sync-external-store set size:undefined disposed:false
174 http fetch GET 200 https://registry.npmjs.org/scheduler 6884ms (cache miss)
175 silly packumentCache full:https://registry.npmjs.org/scheduler set size:undefined disposed:false
176 silly placeDep ROOT @babel/runtime@7.29.2 OK for: @react-three/drei@10.7.7 want: ^7.26.0
177 silly placeDep ROOT @mediapipe/tasks-vision@0.10.17 OK for: @react-three/drei@10.7.7 want: 0.10.17
178 silly placeDep ROOT @monogrid/gainmap-js@3.4.0 OK for: @react-three/drei@10.7.7 want: ^3.0.6
179 silly placeDep ROOT @use-gesture/react@10.3.1 OK for: @react-three/drei@10.7.7 want: ^10.3.1
180 silly placeDep ROOT camera-controls@3.1.2 OK for: @react-three/drei@10.7.7 want: ^3.1.0
181 silly placeDep ROOT cross-env@7.0.3 OK for: @react-three/drei@10.7.7 want: ^7.0.3
182 silly placeDep ROOT detect-gpu@5.0.70 OK for: @react-three/drei@10.7.7 want: ^5.0.56
183 silly placeDep ROOT glsl-noise@0.0.0 OK for: @react-three/drei@10.7.7 want: ^0.0.0
184 silly placeDep ROOT hls.js@1.6.16 OK for: @react-three/drei@10.7.7 want: ^1.5.17
185 silly placeDep ROOT maath@0.10.8 OK for: @react-three/drei@10.7.7 want: ^0.10.8
186 silly placeDep ROOT meshline@3.3.1 OK for: @react-three/drei@10.7.7 want: ^3.3.1
187 silly placeDep ROOT stats-gl@2.4.2 OK for: @react-three/drei@10.7.7 want: ^2.2.8
188 silly placeDep ROOT stats.js@0.17.0 OK for: @react-three/drei@10.7.7 want: ^0.17.0
189 silly placeDep ROOT suspend-react@0.1.3 OK for: @react-three/drei@10.7.7 want: ^0.1.3
190 silly placeDep ROOT three-mesh-bvh@0.8.3 OK for: @react-three/drei@10.7.7 want: ^0.8.3
191 silly placeDep ROOT three-stdlib@2.36.1 OK for: @react-three/drei@10.7.7 want: ^2.35.6
192 silly placeDep ROOT troika-three-text@0.52.4 OK for: @react-three/drei@10.7.7 want: ^0.52.4
193 silly placeDep ROOT tunnel-rat@0.1.2 OK for: @react-three/drei@10.7.7 want: ^0.1.2
194 silly placeDep ROOT use-sync-external-store@1.6.0 OK for: @react-three/drei@10.7.7 want: ^1.4.0
195 silly placeDep ROOT utility-types@3.11.0 OK for: @react-three/drei@10.7.7 want: ^3.11.0
196 silly placeDep ROOT zustand@5.0.12 OK for: @react-three/drei@10.7.7 want: ^5.0.1
197 silly fetch manifest promise-worker-transferable@^1.0.4
198 silly packumentCache full:https://registry.npmjs.org/promise-worker-transferable cache-miss
199 silly fetch manifest @use-gesture/core@10.3.1
200 silly packumentCache full:https://registry.npmjs.org/@use-gesture%2fcore cache-miss
201 silly fetch manifest webgl-constants@^1.1.1
202 silly packumentCache full:https://registry.npmjs.org/webgl-constants cache-miss
203 silly fetch manifest three@^0.170.0
204 silly packumentCache full:https://registry.npmjs.org/three cache-miss
205 silly fetch manifest @types/three@*
206 silly packumentCache full:https://registry.npmjs.org/@types%2fthree cache-miss
207 silly fetch manifest @types/draco3d@^1.4.0
208 silly packumentCache full:https://registry.npmjs.org/@types%2fdraco3d cache-miss
209 silly fetch manifest @types/offscreencanvas@^2019.6.4
210 silly packumentCache full:https://registry.npmjs.org/@types%2foffscreencanvas cache-miss
211 http cache https://registry.npmjs.org/three 16ms (cache hit)
212 silly packumentCache full:https://registry.npmjs.org/three set size:925364 disposed:false
213 silly fetch manifest @types/webxr@^0.5.2
214 silly packumentCache full:https://registry.npmjs.org/@types%2fwebxr cache-miss
215 http cache https://registry.npmjs.org/@types%2fwebxr 4ms (cache hit)
216 silly packumentCache full:https://registry.npmjs.org/@types%2fwebxr set size:64472 disposed:false
217 silly fetch manifest draco3d@^1.4.1
218 silly packumentCache full:https://registry.npmjs.org/draco3d cache-miss
219 http fetch GET 200 https://registry.npmjs.org/promise-worker-transferable 88ms (cache miss)
220 silly packumentCache full:https://registry.npmjs.org/promise-worker-transferable set size:undefined disposed:false
221 silly fetch manifest fflate@^0.6.9
222 silly packumentCache full:https://registry.npmjs.org/fflate cache-miss
223 http fetch GET 200 https://registry.npmjs.org/webgl-constants 129ms (cache miss)
224 silly packumentCache full:https://registry.npmjs.org/webgl-constants set size:undefined disposed:false
225 silly fetch manifest potpack@^1.0.1
226 silly packumentCache full:https://registry.npmjs.org/potpack cache-miss
227 http fetch GET 200 https://registry.npmjs.org/@types%2fdraco3d 171ms (cache miss)
228 silly packumentCache full:https://registry.npmjs.org/@types%2fdraco3d set size:undefined disposed:false
229 silly fetch manifest bidi-js@^1.0.2
230 silly packumentCache full:https://registry.npmjs.org/bidi-js cache-miss
231 http fetch GET 200 https://registry.npmjs.org/@types%2foffscreencanvas 181ms (cache miss)
232 silly packumentCache full:https://registry.npmjs.org/@types%2foffscreencanvas set size:undefined disposed:false
233 silly fetch manifest troika-three-utils@^0.52.4
234 silly packumentCache full:https://registry.npmjs.org/troika-three-utils cache-miss
235 http fetch GET 200 https://registry.npmjs.org/draco3d 168ms (cache miss)
236 silly packumentCache full:https://registry.npmjs.org/draco3d set size:undefined disposed:false
237 silly fetch manifest troika-worker-utils@^0.52.0
238 silly packumentCache full:https://registry.npmjs.org/troika-worker-utils cache-miss
239 http fetch GET 200 https://registry.npmjs.org/fflate 302ms (cache miss)
240 silly packumentCache full:https://registry.npmjs.org/fflate set size:undefined disposed:false
241 silly fetch manifest webgl-sdf-generator@1.1.1
242 silly packumentCache full:https://registry.npmjs.org/webgl-sdf-generator cache-miss
243 http fetch GET 200 https://registry.npmjs.org/potpack 282ms (cache miss)
244 silly packumentCache full:https://registry.npmjs.org/potpack set size:undefined disposed:false
245 silly fetch manifest zustand@^4.3.2
246 silly packumentCache full:https://registry.npmjs.org/zustand cache-hit
247 http fetch GET 200 https://registry.npmjs.org/bidi-js 359ms (cache miss)
248 silly packumentCache full:https://registry.npmjs.org/bidi-js set size:undefined disposed:false
249 http fetch GET 200 https://registry.npmjs.org/@use-gesture%2fcore 832ms (cache miss)
250 silly packumentCache full:https://registry.npmjs.org/@use-gesture%2fcore set size:undefined disposed:false
251 http fetch GET 200 https://registry.npmjs.org/troika-worker-utils 867ms (cache miss)
252 silly packumentCache full:https://registry.npmjs.org/troika-worker-utils set size:undefined disposed:false
253 http fetch GET 200 https://registry.npmjs.org/troika-three-utils 1053ms (cache miss)
254 silly packumentCache full:https://registry.npmjs.org/troika-three-utils set size:undefined disposed:false
255 http fetch GET 200 https://registry.npmjs.org/@types%2fthree 1274ms (cache miss)
256 silly packumentCache full:https://registry.npmjs.org/@types%2fthree set size:undefined disposed:false
257 http fetch GET 200 https://registry.npmjs.org/webgl-sdf-generator 891ms (cache miss)
258 silly packumentCache full:https://registry.npmjs.org/webgl-sdf-generator set size:undefined disposed:false
259 silly placeDep ROOT promise-worker-transferable@1.0.4 OK for: @monogrid/gainmap-js@3.4.0 want: ^1.0.4
260 silly fetch manifest is-promise@^2.1.0
261 silly packumentCache full:https://registry.npmjs.org/is-promise cache-miss
262 silly fetch manifest lie@^3.0.2
263 silly packumentCache full:https://registry.npmjs.org/lie cache-miss
264 http fetch GET 200 https://registry.npmjs.org/is-promise 78ms (cache miss)
265 silly packumentCache full:https://registry.npmjs.org/is-promise set size:undefined disposed:false
266 http fetch GET 200 https://registry.npmjs.org/lie 120ms (cache miss)
267 silly packumentCache full:https://registry.npmjs.org/lie set size:undefined disposed:false
268 silly placeDep ROOT @types/webxr@0.5.24 OK for: @react-three/fiber@9.6.0 want: *
269 silly placeDep ROOT base64-js@1.5.1 OK for: @react-three/fiber@9.6.0 want: ^1.5.1
270 silly placeDep ROOT buffer@6.0.3 OK for: @react-three/fiber@9.6.0 want: ^6.0.3
271 silly placeDep ROOT its-fine@2.0.0 OK for: @react-three/fiber@9.6.0 want: ^2.0.0
272 silly placeDep ROOT react-use-measure@2.1.7 OK for: @react-three/fiber@9.6.0 want: ^2.1.7
273 silly placeDep node_modules/@react-three/fiber scheduler@0.27.0 OK for: @react-three/fiber@9.6.0 want: ^0.27.0
274 silly fetch manifest ieee754@^1.2.1
275 silly packumentCache full:https://registry.npmjs.org/ieee754 cache-miss
276 silly fetch manifest @types/react-reconciler@^0.28.9
277 silly packumentCache full:https://registry.npmjs.org/@types%2freact-reconciler cache-miss
278 http fetch GET 200 https://registry.npmjs.org/ieee754 71ms (cache miss)
279 silly packumentCache full:https://registry.npmjs.org/ieee754 set size:undefined disposed:false
280 http fetch GET 200 https://registry.npmjs.org/@types%2freact-reconciler 106ms (cache miss)
281 silly packumentCache full:https://registry.npmjs.org/@types%2freact-reconciler set size:undefined disposed:false
282 silly placeDep ROOT @use-gesture/core@10.3.1 OK for: @use-gesture/react@10.3.1 want: 10.3.1
283 silly placeDep ROOT ieee754@1.2.1 OK for: buffer@6.0.3 want: ^1.2.1
284 silly placeDep ROOT webgl-constants@1.1.1 OK for: detect-gpu@5.0.70 want: ^1.1.1
285 silly placeDep ROOT @types/react-reconciler@0.28.9 OK for: its-fine@2.0.0 want: ^0.28.9
286 silly placeDep ROOT is-promise@2.2.2 OK for: promise-worker-transferable@1.0.4 want: ^2.1.0
287 silly placeDep ROOT lie@3.3.0 OK for: promise-worker-transferable@1.0.4 want: ^3.0.2
288 silly fetch manifest immediate@~3.0.5
289 silly packumentCache full:https://registry.npmjs.org/immediate cache-miss
290 http fetch GET 200 https://registry.npmjs.org/immediate 120ms (cache miss)
291 silly packumentCache full:https://registry.npmjs.org/immediate set size:undefined disposed:false
292 silly placeDep ROOT immediate@3.0.6 OK for: lie@3.3.0 want: ~3.0.5
293 silly placeDep ROOT @types/three@0.184.0 OK for: stats-gl@2.4.2 want: *
294 silly placeDep node_modules/stats-gl three@0.170.0 OK for: stats-gl@2.4.2 want: ^0.170.0
295 silly fetch manifest fflate@~0.8.2
296 silly packumentCache full:https://registry.npmjs.org/fflate cache-miss
297 silly fetch manifest meshoptimizer@~1.1.1
298 silly packumentCache full:https://registry.npmjs.org/meshoptimizer cache-miss
299 silly fetch manifest @types/stats.js@*
300 silly packumentCache full:https://registry.npmjs.org/@types%2fstats.js cache-miss
301 silly fetch manifest @tweenjs/tween.js@~23.1.3
302 silly packumentCache full:https://registry.npmjs.org/@tweenjs%2ftween.js cache-miss
303 silly fetch manifest @dimforge/rapier3d-compat@~0.12.0
304 silly packumentCache full:https://registry.npmjs.org/@dimforge%2frapier3d-compat cache-miss
305 http cache https://registry.npmjs.org/fflate 7ms (cache hit)
306 silly packumentCache full:https://registry.npmjs.org/fflate set size:230492 disposed:false
307 http fetch GET 200 https://registry.npmjs.org/meshoptimizer 134ms (cache miss)
308 silly packumentCache full:https://registry.npmjs.org/meshoptimizer set size:undefined disposed:false
309 http fetch GET 200 https://registry.npmjs.org/@types%2fstats.js 262ms (cache miss)
310 silly packumentCache full:https://registry.npmjs.org/@types%2fstats.js set size:undefined disposed:false
311 http fetch GET 200 https://registry.npmjs.org/@dimforge%2frapier3d-compat 326ms (cache miss)
312 silly packumentCache full:https://registry.npmjs.org/@dimforge%2frapier3d-compat set size:undefined disposed:false
313 http fetch GET 200 https://registry.npmjs.org/@tweenjs%2ftween.js 708ms (cache miss)
314 silly packumentCache full:https://registry.npmjs.org/@tweenjs%2ftween.js set size:undefined disposed:false
315 silly placeDep ROOT @dimforge/rapier3d-compat@0.12.0 OK for: @types/three@0.184.0 want: ~0.12.0
316 silly placeDep ROOT @tweenjs/tween.js@23.1.3 OK for: @types/three@0.184.0 want: ~23.1.3
317 silly placeDep ROOT @types/stats.js@0.17.4 OK for: @types/three@0.184.0 want: *
318 silly placeDep ROOT fflate@0.8.2 OK for: @types/three@0.184.0 want: ~0.8.2
319 silly placeDep ROOT meshoptimizer@1.1.1 OK for: @types/three@0.184.0 want: ~1.1.1
320 silly placeDep ROOT @types/draco3d@1.4.10 OK for: three-stdlib@2.36.1 want: ^1.4.0
321 silly placeDep ROOT @types/offscreencanvas@2019.7.3 OK for: three-stdlib@2.36.1 want: ^2019.6.4
322 silly placeDep ROOT draco3d@1.5.7 OK for: three-stdlib@2.36.1 want: ^1.4.1
323 silly placeDep node_modules/three-stdlib fflate@0.6.10 OK for: three-stdlib@2.36.1 want: ^0.6.9
324 silly placeDep ROOT potpack@1.0.2 OK for: three-stdlib@2.36.1 want: ^1.0.1
325 silly placeDep ROOT bidi-js@1.0.3 OK for: troika-three-text@0.52.4 want: ^1.0.2
326 silly placeDep ROOT troika-three-utils@0.52.4 OK for: troika-three-text@0.52.4 want: ^0.52.4
327 silly placeDep ROOT troika-worker-utils@0.52.0 OK for: troika-three-text@0.52.4 want: ^0.52.0
328 silly placeDep ROOT webgl-sdf-generator@1.1.1 OK for: troika-three-text@0.52.4 want: 1.1.1
329 silly fetch manifest require-from-string@^2.0.2
330 silly packumentCache full:https://registry.npmjs.org/require-from-string cache-miss
331 http fetch GET 200 https://registry.npmjs.org/require-from-string 64ms (cache miss)
332 silly packumentCache full:https://registry.npmjs.org/require-from-string set size:undefined disposed:false
333 silly placeDep ROOT require-from-string@2.0.2 OK for: bidi-js@1.0.3 want: ^2.0.2
334 silly placeDep node_modules/tunnel-rat zustand@4.5.7 OK for: tunnel-rat@0.1.2 want: ^4.3.2
335 silly reify moves {}
336 silly audit bulk request {
336 silly audit   '@alloc/quick-lru': [ '5.2.0' ],
336 silly audit   '@babel/code-frame': [ '7.29.0' ],
336 silly audit   '@babel/compat-data': [ '7.29.0' ],
336 silly audit   '@babel/core': [ '7.29.0' ],
336 silly audit   '@babel/generator': [ '7.29.1' ],
336 silly audit   '@babel/helper-compilation-targets': [ '7.28.6' ],
336 silly audit   '@babel/helper-globals': [ '7.28.0' ],
336 silly audit   '@babel/helper-module-imports': [ '7.28.6' ],
336 silly audit   '@babel/helper-module-transforms': [ '7.28.6' ],
336 silly audit   '@babel/helper-plugin-utils': [ '7.28.6' ],
336 silly audit   '@babel/helper-string-parser': [ '7.27.1' ],
336 silly audit   '@babel/helper-validator-identifier': [ '7.28.5' ],
336 silly audit   '@babel/helper-validator-option': [ '7.27.1' ],
336 silly audit   '@babel/helpers': [ '7.29.2' ],
336 silly audit   '@babel/parser': [ '7.29.2' ],
336 silly audit   '@babel/plugin-transform-react-jsx-self': [ '7.27.1' ],
336 silly audit   '@babel/plugin-transform-react-jsx-source': [ '7.27.1' ],
336 silly audit   '@babel/template': [ '7.28.6' ],
336 silly audit   '@babel/traverse': [ '7.29.0' ],
336 silly audit   '@babel/types': [ '7.29.0' ],
336 silly audit   '@esbuild/aix-ppc64': [ '0.25.12' ],
336 silly audit   '@esbuild/android-arm': [ '0.25.12' ],
336 silly audit   '@esbuild/android-arm64': [ '0.25.12' ],
336 silly audit   '@esbuild/android-x64': [ '0.25.12' ],
336 silly audit   '@esbuild/darwin-arm64': [ '0.25.12' ],
336 silly audit   '@esbuild/darwin-x64': [ '0.25.12' ],
336 silly audit   '@esbuild/freebsd-arm64': [ '0.25.12' ],
336 silly audit   '@esbuild/freebsd-x64': [ '0.25.12' ],
336 silly audit   '@esbuild/linux-arm': [ '0.25.12' ],
336 silly audit   '@esbuild/linux-arm64': [ '0.25.12' ],
336 silly audit   '@esbuild/linux-ia32': [ '0.25.12' ],
336 silly audit   '@esbuild/linux-loong64': [ '0.25.12' ],
336 silly audit   '@esbuild/linux-mips64el': [ '0.25.12' ],
336 silly audit   '@esbuild/linux-ppc64': [ '0.25.12' ],
336 silly audit   '@esbuild/linux-riscv64': [ '0.25.12' ],
336 silly audit   '@esbuild/linux-s390x': [ '0.25.12' ],
336 silly audit   '@esbuild/linux-x64': [ '0.25.12' ],
336 silly audit   '@esbuild/netbsd-arm64': [ '0.25.12' ],
336 silly audit   '@esbuild/netbsd-x64': [ '0.25.12' ],
336 silly audit   '@esbuild/openbsd-arm64': [ '0.25.12' ],
336 silly audit   '@esbuild/openbsd-x64': [ '0.25.12' ],
336 silly audit   '@esbuild/openharmony-arm64': [ '0.25.12' ],
336 silly audit   '@esbuild/sunos-x64': [ '0.25.12' ],
336 silly audit   '@esbuild/win32-arm64': [ '0.25.12' ],
336 silly audit   '@esbuild/win32-ia32': [ '0.25.12' ],
336 silly audit   '@esbuild/win32-x64': [ '0.25.12' ],
336 silly audit   '@eslint-community/eslint-utils': [ '4.9.1' ],
336 silly audit   'eslint-visitor-keys': [ '3.4.3', '5.0.1', '4.2.1' ],
336 silly audit   '@eslint-community/regexpp': [ '4.12.2' ],
336 silly audit   '@eslint/config-array': [ '0.21.2' ],
336 silly audit   '@eslint/config-helpers': [ '0.4.2' ],
336 silly audit   '@eslint/core': [ '0.17.0' ],
336 silly audit   '@eslint/eslintrc': [ '3.3.5' ],
336 silly audit   globals: [ '14.0.0', '15.15.0' ],
336 silly audit   '@eslint/js': [ '9.39.4' ],
336 silly audit   '@eslint/object-schema': [ '2.1.7' ],
336 silly audit   '@eslint/plugin-kit': [ '0.4.1' ],
336 silly audit   '@hookform/resolvers': [ '3.10.0' ],
336 silly audit   '@humanfs/core': [ '0.19.2' ],
336 silly audit   '@humanfs/node': [ '0.16.8' ],
336 silly audit   '@humanfs/types': [ '0.15.0' ],
336 silly audit   '@humanwhocodes/module-importer': [ '1.0.1' ],
336 silly audit   '@humanwhocodes/retry': [ '0.4.3' ],
336 silly audit   '@jridgewell/gen-mapping': [ '0.3.13' ],
336 silly audit   '@jridgewell/remapping': [ '2.3.5' ],
336 silly audit   '@jridgewell/resolve-uri': [ '3.1.2' ],
336 silly audit   '@jridgewell/sourcemap-codec': [ '1.5.5' ],
336 silly audit   '@jridgewell/trace-mapping': [ '0.3.31' ],
336 silly audit   '@nodelib/fs.scandir': [ '2.1.5' ],
336 silly audit   '@nodelib/fs.stat': [ '2.0.5' ],
336 silly audit   '@nodelib/fs.walk': [ '1.2.8' ],
336 silly audit   '@rolldown/pluginutils': [ '1.0.0-beta.27' ],
336 silly audit   '@rollup/rollup-android-arm-eabi': [ '4.60.2' ],
336 silly audit   '@rollup/rollup-android-arm64': [ '4.60.2' ],
336 silly audit   '@rollup/rollup-darwin-arm64': [ '4.60.2' ],
336 silly audit   '@rollup/rollup-darwin-x64': [ '4.60.2' ],
336 silly audit   '@rollup/rollup-freebsd-arm64': [ '4.60.2' ],
336 silly audit   '@rollup/rollup-freebsd-x64': [ '4.60.2' ],
336 silly audit   '@rollup/rollup-linux-arm-gnueabihf': [ '4.60.2' ],
336 silly audit   '@rollup/rollup-linux-arm-musleabihf': [ '4.60.2' ],
336 silly audit   '@rollup/rollup-linux-arm64-gnu': [ '4.60.2' ],
336 silly audit   '@rollup/rollup-linux-arm64-musl': [ '4.60.2' ],
336 silly audit   '@rollup/rollup-linux-loong64-gnu': [ '4.60.2' ],
336 silly audit   '@rollup/rollup-linux-loong64-musl': [ '4.60.2' ],
336 silly audit   '@rollup/rollup-linux-ppc64-gnu': [ '4.60.2' ],
336 silly audit   '@rollup/rollup-linux-ppc64-musl': [ '4.60.2' ],
336 silly audit   '@rollup/rollup-linux-riscv64-gnu': [ '4.60.2' ],
336 silly audit   '@rollup/rollup-linux-riscv64-musl': [ '4.60.2' ],
336 silly audit   '@rollup/rollup-linux-s390x-gnu': [ '4.60.2' ],
336 silly audit   '@rollup/rollup-linux-x64-gnu': [ '4.60.2' ],
336 silly audit   '@rollup/rollup-linux-x64-musl': [ '4.60.2' ],
336 silly audit   '@rollup/rollup-openbsd-x64': [ '4.60.2' ],
336 silly audit   '@rollup/rollup-openharmony-arm64': [ '4.60.2' ],
336 silly audit   '@rollup/rollup-win32-arm64-msvc': [ '4.60.2' ],
336 silly audit   '@rollup/rollup-win32-ia32-msvc': [ '4.60.2' ],
336 silly audit   '@rollup/rollup-win32-x64-gnu': [ '4.60.2' ],
336 silly audit   '@rollup/rollup-win32-x64-msvc': [ '4.60.2' ],
336 silly audit   '@types/babel__core': [ '7.20.5' ],
336 silly audit   '@types/babel__generator': [ '7.27.0' ],
336 silly audit   '@types/babel__template': [ '7.4.4' ],
336 silly audit   '@types/babel__traverse': [ '7.28.0' ],
336 silly audit   '@types/estree': [ '1.0.8' ],
336 silly audit   '@types/json-schema': [ '7.0.15' ],
336 silly audit   '@types/node': [ '22.19.17' ],
336 silly audit   '@types/prop-types': [ '15.7.15' ],
336 silly audit   '@types/react': [ '18.3.28' ],
336 silly audit   '@types/react-dom': [ '18.3.7' ],
336 silly audit   '@typescript-eslint/eslint-plugin': [ '8.58.2' ],
336 silly audit   ignore: [ '7.0.5', '5.3.2' ],
336 silly audit   '@typescript-eslint/parser': [ '8.58.2' ],
336 silly audit   '@typescript-eslint/project-service': [ '8.58.2' ],
336 silly audit   '@typescript-eslint/scope-manager': [ '8.58.2' ],
336 silly audit   '@typescript-eslint/tsconfig-utils': [ '8.58.2' ],
336 silly audit   '@typescript-eslint/type-utils': [ '8.58.2' ],
336 silly audit   '@typescript-eslint/types': [ '8.58.2' ],
336 silly audit   '@typescript-eslint/typescript-estree': [ '8.58.2' ],
336 silly audit   'balanced-match': [ '4.0.4', '1.0.2' ],
336 silly audit   'brace-expansion': [ '5.0.5', '1.1.14' ],
336 silly audit   minimatch: [ '10.2.5', '3.1.5' ],
336 silly audit   semver: [ '7.7.4', '6.3.1' ],
336 silly audit   '@typescript-eslint/utils': [ '8.58.2' ],
336 silly audit   '@typescript-eslint/visitor-keys': [ '8.58.2' ],
336 silly audit   '@vitejs/plugin-react': [ '4.7.0' ],
336 silly audit   acorn: [ '8.16.0' ],
336 silly audit   'acorn-jsx': [ '5.3.2' ],
336 silly audit   ajv: [ '6.14.0' ],
336 silly audit   'ansi-styles': [ '4.3.0' ],
336 silly audit   'any-promise': [ '1.3.0' ],
336 silly audit   anymatch: [ '3.1.3' ],
336 silly audit   arg: [ '5.0.2' ],
336 silly audit   argparse: [ '2.0.1' ],
336 silly audit   autoprefixer: [ '10.5.0' ],
336 silly audit   'baseline-browser-mapping': [ '2.10.20' ],
336 silly audit   'binary-extensions': [ '2.3.0' ],
336 silly audit   braces: [ '3.0.3' ],
336 silly audit   browserslist: [ '4.28.2' ],
336 silly audit   callsites: [ '3.1.0' ],
336 silly audit   'camelcase-css': [ '2.0.1' ],
336 silly audit   'caniuse-lite': [ '1.0.30001788' ],
336 silly audit   chalk: [ '4.1.2' ],
336 silly audit   chokidar: [ '3.6.0' ],
336 silly audit   'glob-parent': [ '5.1.2', '6.0.2' ],
336 silly audit   'color-convert': [ '2.0.1' ],
336 silly audit   'color-name': [ '1.1.4' ],
336 silly audit   commander: [ '4.1.1' ],
336 silly audit   'concat-map': [ '0.0.1' ],
336 silly audit   'convert-source-map': [ '2.0.0' ],
336 silly audit   cookie: [ '1.1.1' ],
336 silly audit   'cross-spawn': [ '7.0.6' ],
336 silly audit   cssesc: [ '3.0.0' ],
336 silly audit   csstype: [ '3.2.3' ],
336 silly audit   debug: [ '4.4.3' ],
336 silly audit   'deep-is': [ '0.1.4' ],
336 silly audit   didyoumean: [ '1.2.2' ],
336 silly audit   dlv: [ '1.1.3' ],
336 silly audit   'electron-to-chromium': [ '1.5.340' ],
336 silly audit   'es-errors': [ '1.3.0' ],
336 silly audit   esbuild: [ '0.25.12' ],
336 silly audit   escalade: [ '3.2.0' ],
336 silly audit   'escape-string-regexp': [ '4.0.0' ],
336 silly audit   eslint: [ '9.39.4' ],
336 silly audit   'eslint-plugin-react-hooks': [ '5.2.0' ],
336 silly audit   'eslint-plugin-react-refresh': [ '0.4.26' ],
336 silly audit   'eslint-scope': [ '8.4.0' ],
336 silly audit   espree: [ '10.4.0' ],
336 silly audit   esquery: [ '1.7.0' ],
336 silly audit   esrecurse: [ '4.3.0' ],
336 silly audit   estraverse: [ '5.3.0' ],
336 silly audit   esutils: [ '2.0.3' ],
336 silly audit   'fast-deep-equal': [ '3.1.3' ],
336 silly audit   'fast-glob': [ '3.3.3' ],
336 silly audit   'fast-json-stable-stringify': [ '2.1.0' ],
336 silly audit   'fast-levenshtein': [ '2.0.6' ],
336 silly audit   fastq: [ '1.20.1' ],
336 silly audit   'file-entry-cache': [ '8.0.0' ],
336 silly audit   'fill-range': [ '7.1.1' ],
336 silly audit   'find-up': [ '5.0.0' ],
336 silly audit   'flat-cache': [ '4.0.1' ],
336 silly audit   flatted: [ '3.4.2' ],
336 silly audit   'fraction.js': [ '5.3.4' ],
336 silly audit   'framer-motion': [ '11.18.2' ],
336 silly audit   fsevents: [ '2.3.3' ],
336 silly audit   'function-bind': [ '1.1.2' ],
336 silly audit   gensync: [ '1.0.0-beta.2' ],
336 silly audit   'has-flag': [ '4.0.0' ],
336 silly audit   hasown: [ '2.0.3' ],
336 silly audit   'import-fresh': [ '3.3.1' ],
336 silly audit   imurmurhash: [ '0.1.4' ],
336 silly audit   'is-binary-path': [ '2.1.0' ],
336 silly audit   'is-core-module': [ '2.16.1' ],
336 silly audit   'is-extglob': [ '2.1.1' ],
336 silly audit   'is-glob': [ '4.0.3' ],
336 silly audit   'is-number': [ '7.0.0' ],
336 silly audit   isexe: [ '2.0.0' ],
336 silly audit   jiti: [ '1.21.7' ],
336 silly audit   'js-tokens': [ '4.0.0' ],
336 silly audit   'js-yaml': [ '4.1.1' ],
336 silly audit   jsesc: [ '3.1.0' ],
336 silly audit   'json-buffer': [ '3.0.1' ],
336 silly audit   'json-schema-traverse': [ '0.4.1' ],
336 silly audit   'json-stable-stringify-without-jsonify': [ '1.0.1' ],
336 silly audit   json5: [ '2.2.3' ],
336 silly audit   keyv: [ '4.5.4' ],
336 silly audit   levn: [ '0.4.1' ],
336 silly audit   lilconfig: [ '3.1.3' ],
336 silly audit   'lines-and-columns': [ '1.2.4' ],
336 silly audit   'locate-path': [ '6.0.0' ],
336 silly audit   'lodash.merge': [ '4.6.2' ],
336 silly audit   'loose-envify': [ '1.4.0' ],
336 silly audit   'lru-cache': [ '5.1.1' ],
336 silly audit   merge2: [ '1.4.1' ],
336 silly audit   micromatch: [ '4.0.8' ],
336 silly audit   'motion-dom': [ '11.18.1' ],
336 silly audit   'motion-utils': [ '11.18.1' ],
336 silly audit   ms: [ '2.1.3' ],
336 silly audit   mz: [ '2.7.0' ],
336 silly audit   nanoid: [ '3.3.11' ],
336 silly audit   'natural-compare': [ '1.4.0' ],
336 silly audit   'node-releases': [ '2.0.37' ],
336 silly audit   'normalize-path': [ '3.0.0' ],
336 silly audit   'object-assign': [ '4.1.1' ],
336 silly audit   'object-hash': [ '3.0.0' ],
336 silly audit   optionator: [ '0.9.4' ],
336 silly audit   'p-limit': [ '3.1.0' ],
336 silly audit   'p-locate': [ '5.0.0' ],
336 silly audit   'parent-module': [ '1.0.1' ],
336 silly audit   'path-exists': [ '4.0.0' ],
336 silly audit   'path-key': [ '3.1.1' ],
336 silly audit   'path-parse': [ '1.0.7' ],
336 silly audit   picocolors: [ '1.1.1' ],
336 silly audit   picomatch: [ '2.3.2', '4.0.4' ],
336 silly audit   pify: [ '2.3.0' ],
336 silly audit   pirates: [ '4.0.7' ],
336 silly audit   postcss: [ '8.5.10' ],
336 silly audit   'postcss-import': [ '15.1.0' ],
336 silly audit   'postcss-js': [ '4.1.0' ],
336 silly audit   'postcss-load-config': [ '6.0.1' ],
336 silly audit   'postcss-nested': [ '6.2.0' ],
336 silly audit   'postcss-selector-parser': [ '6.1.2' ],
336 silly audit   'postcss-value-parser': [ '4.2.0' ],
336 silly audit   'prelude-ls': [ '1.2.1' ],
336 silly audit   prettier: [ '3.8.3' ],
336 silly audit   punycode: [ '2.3.1' ],
336 silly audit   'queue-microtask': [ '1.2.3' ],
336 silly audit   react: [ '18.3.1' ],
336 silly audit   'react-dom': [ '18.3.1' ],
336 silly audit   'react-hook-form': [ '7.72.1' ],
336 silly audit   'react-refresh': [ '0.17.0' ],
336 silly audit   'react-router': [ '7.14.1' ],
336 silly audit   'react-router-dom': [ '7.14.1' ],
336 silly audit   'read-cache': [ '1.0.0' ],
336 silly audit   readdirp: [ '3.6.0' ],
336 silly audit   resolve: [ '1.22.12' ],
336 silly audit   'resolve-from': [ '4.0.0' ],
336 silly audit   reusify: [ '1.1.0' ],
336 silly audit   rollup: [ '4.60.2' ],
336 silly audit   'run-parallel': [ '1.2.0' ],
336 silly audit   scheduler: [ '0.23.2', '0.27.0' ],
336 silly audit   'set-cookie-parser': [ '2.7.2' ],
336 silly audit   'shebang-command': [ '2.0.0' ],
336 silly audit   'shebang-regex': [ '3.0.0' ],
336 silly audit   'source-map-js': [ '1.2.1' ],
336 silly audit   'strip-json-comments': [ '3.1.1' ],
336 silly audit   sucrase: [ '3.35.1' ],
336 silly audit   'supports-color': [ '7.2.0' ],
336 silly audit   'supports-preserve-symlinks-flag': [ '1.0.0' ],
336 silly audit   tailwindcss: [ '3.4.19' ],
336 silly audit   thenify: [ '3.3.1' ],
336 silly audit   'thenify-all': [ '1.6.0' ],
336 silly audit   tinyglobby: [ '0.2.16' ],
336 silly audit   fdir: [ '6.5.0' ],
336 silly audit   'to-regex-range': [ '5.0.1' ],
336 silly audit   'ts-api-utils': [ '2.5.0' ],
336 silly audit   'ts-interface-checker': [ '0.1.13' ],
336 silly audit   tslib: [ '2.8.1' ],
336 silly audit   'type-check': [ '0.4.0' ],
336 silly audit   typescript: [ '5.6.3' ],
336 silly audit   'typescript-eslint': [ '8.58.2' ],
336 silly audit   'undici-types': [ '6.21.0' ],
336 silly audit   'update-browserslist-db': [ '1.2.3' ],
336 silly audit   'uri-js': [ '4.4.1' ],
336 silly audit   'util-deprecate': [ '1.0.2' ],
336 silly audit   vite: [ '6.4.2' ],
336 silly audit   which: [ '2.0.2' ],
336 silly audit   'word-wrap': [ '1.2.5' ],
336 silly audit   yallist: [ '3.1.1' ],
336 silly audit   'yocto-queue': [ '0.1.0' ],
336 silly audit   zod: [ '3.25.76' ],
336 silly audit   '@react-three/drei': [ '10.7.7' ],
336 silly audit   '@react-three/fiber': [ '9.6.0' ],
336 silly audit   clsx: [ '2.1.1' ],
336 silly audit   gsap: [ '3.15.0' ],
336 silly audit   lenis: [ '1.3.23' ],
336 silly audit   'lucide-react': [ '1.11.0' ],
336 silly audit   'tailwind-merge': [ '3.5.0' ],
336 silly audit   three: [ '0.184.0', '0.170.0' ],
336 silly audit   '@babel/runtime': [ '7.29.2' ],
336 silly audit   '@mediapipe/tasks-vision': [ '0.10.17' ],
336 silly audit   '@monogrid/gainmap-js': [ '3.4.0' ],
336 silly audit   '@use-gesture/react': [ '10.3.1' ],
336 silly audit   'camera-controls': [ '3.1.2' ],
336 silly audit   'cross-env': [ '7.0.3' ],
336 silly audit   'detect-gpu': [ '5.0.70' ],
336 silly audit   'glsl-noise': [ '0.0.0' ],
336 silly audit   'hls.js': [ '1.6.16' ],
336 silly audit   maath: [ '0.10.8' ],
336 silly audit   meshline: [ '3.3.1' ],
336 silly audit   'stats-gl': [ '2.4.2' ],
336 silly audit   'stats.js': [ '0.17.0' ],
336 silly audit   'suspend-react': [ '0.1.3' ],
336 silly audit   'three-mesh-bvh': [ '0.8.3' ],
336 silly audit   'three-stdlib': [ '2.36.1' ],
336 silly audit   'troika-three-text': [ '0.52.4' ],
336 silly audit   'tunnel-rat': [ '0.1.2' ],
336 silly audit   'use-sync-external-store': [ '1.6.0' ],
336 silly audit   'utility-types': [ '3.11.0' ],
336 silly audit   zustand: [ '5.0.12', '4.5.7' ],
336 silly audit   'promise-worker-transferable': [ '1.0.4' ],
336 silly audit   '@types/webxr': [ '0.5.24' ],
336 silly audit   'base64-js': [ '1.5.1' ],
336 silly audit   buffer: [ '6.0.3' ],
336 silly audit   'its-fine': [ '2.0.0' ],
336 silly audit   'react-use-measure': [ '2.1.7' ],
336 silly audit   '@use-gesture/core': [ '10.3.1' ],
336 silly audit   ieee754: [ '1.2.1' ],
336 silly audit   'webgl-constants': [ '1.1.1' ],
336 silly audit   '@types/react-reconciler': [ '0.28.9' ],
336 silly audit   'is-promise': [ '2.2.2' ],
336 silly audit   lie: [ '3.3.0' ],
336 silly audit   immediate: [ '3.0.6' ],
336 silly audit   '@types/three': [ '0.184.0' ],
336 silly audit   '@dimforge/rapier3d-compat': [ '0.12.0' ],
336 silly audit   '@tweenjs/tween.js': [ '23.1.3' ],
336 silly audit   '@types/stats.js': [ '0.17.4' ],
336 silly audit   fflate: [ '0.8.2', '0.6.10' ],
336 silly audit   meshoptimizer: [ '1.1.1' ],
336 silly audit   '@types/draco3d': [ '1.4.10' ],
336 silly audit   '@types/offscreencanvas': [ '2019.7.3' ],
336 silly audit   draco3d: [ '1.5.7' ],
336 silly audit   potpack: [ '1.0.2' ],
336 silly audit   'bidi-js': [ '1.0.3' ],
336 silly audit   'troika-three-utils': [ '0.52.4' ],
336 silly audit   'troika-worker-utils': [ '0.52.0' ],
336 silly audit   'webgl-sdf-generator': [ '1.1.1' ],
336 silly audit   'require-from-string': [ '2.0.2' ]
336 silly audit }
337 http cache require-from-string@https://registry.npmjs.org/require-from-string/-/require-from-string-2.0.2.tgz 0ms (cache hit)
338 http cache webgl-sdf-generator@https://registry.npmjs.org/webgl-sdf-generator/-/webgl-sdf-generator-1.1.1.tgz 0ms (cache hit)
339 http cache troika-worker-utils@https://registry.npmjs.org/troika-worker-utils/-/troika-worker-utils-0.52.0.tgz 0ms (cache hit)
340 http cache troika-three-utils@https://registry.npmjs.org/troika-three-utils/-/troika-three-utils-0.52.4.tgz 0ms (cache hit)
341 http cache bidi-js@https://registry.npmjs.org/bidi-js/-/bidi-js-1.0.3.tgz 0ms (cache hit)
342 http cache potpack@https://registry.npmjs.org/potpack/-/potpack-1.0.2.tgz 0ms (cache hit)
343 http cache draco3d@https://registry.npmjs.org/draco3d/-/draco3d-1.5.7.tgz 0ms (cache hit)
344 http cache @types/draco3d@https://registry.npmjs.org/@types/draco3d/-/draco3d-1.4.10.tgz 0ms (cache hit)
345 http cache meshoptimizer@https://registry.npmjs.org/meshoptimizer/-/meshoptimizer-1.1.1.tgz 0ms (cache hit)
346 http cache fflate@https://registry.npmjs.org/fflate/-/fflate-0.8.2.tgz 0ms (cache hit)
347 http cache @types/offscreencanvas@https://registry.npmjs.org/@types/offscreencanvas/-/offscreencanvas-2019.7.3.tgz 0ms (cache hit)
348 http cache @types/stats.js@https://registry.npmjs.org/@types/stats.js/-/stats.js-0.17.4.tgz 0ms (cache hit)
349 http cache @tweenjs/tween.js@https://registry.npmjs.org/@tweenjs/tween.js/-/tween.js-23.1.3.tgz 0ms (cache hit)
350 http cache @dimforge/rapier3d-compat@https://registry.npmjs.org/@dimforge/rapier3d-compat/-/rapier3d-compat-0.12.0.tgz 0ms (cache hit)
351 http cache @types/three@https://registry.npmjs.org/@types/three/-/three-0.184.0.tgz 0ms (cache hit)
352 http cache immediate@https://registry.npmjs.org/immediate/-/immediate-3.0.6.tgz 0ms (cache hit)
353 http cache lie@https://registry.npmjs.org/lie/-/lie-3.3.0.tgz 0ms (cache hit)
354 http cache is-promise@https://registry.npmjs.org/is-promise/-/is-promise-2.2.2.tgz 0ms (cache hit)
355 http cache @types/react-reconciler@https://registry.npmjs.org/@types/react-reconciler/-/react-reconciler-0.28.9.tgz 0ms (cache hit)
356 http cache webgl-constants@https://registry.npmjs.org/webgl-constants/-/webgl-constants-1.1.1.tgz 0ms (cache hit)
357 http cache ieee754@https://registry.npmjs.org/ieee754/-/ieee754-1.2.1.tgz 0ms (cache hit)
358 http cache @use-gesture/core@https://registry.npmjs.org/@use-gesture/core/-/core-10.3.1.tgz 0ms (cache hit)
359 http cache its-fine@https://registry.npmjs.org/its-fine/-/its-fine-2.0.0.tgz 0ms (cache hit)
360 http cache react-use-measure@https://registry.npmjs.org/react-use-measure/-/react-use-measure-2.1.7.tgz 0ms (cache hit)
361 http cache @types/webxr@https://registry.npmjs.org/@types/webxr/-/webxr-0.5.24.tgz 0ms (cache hit)
362 http cache buffer@https://registry.npmjs.org/buffer/-/buffer-6.0.3.tgz 0ms (cache hit)
363 http cache zustand@https://registry.npmjs.org/zustand/-/zustand-5.0.12.tgz 0ms (cache hit)
364 http cache base64-js@https://registry.npmjs.org/base64-js/-/base64-js-1.5.1.tgz 0ms (cache hit)
365 http cache utility-types@https://registry.npmjs.org/utility-types/-/utility-types-3.11.0.tgz 0ms (cache hit)
366 http cache tunnel-rat@https://registry.npmjs.org/tunnel-rat/-/tunnel-rat-0.1.2.tgz 0ms (cache hit)
367 http cache troika-three-text@https://registry.npmjs.org/troika-three-text/-/troika-three-text-0.52.4.tgz 0ms (cache hit)
368 http cache promise-worker-transferable@https://registry.npmjs.org/promise-worker-transferable/-/promise-worker-transferable-1.0.4.tgz 0ms (cache hit)
369 http cache three-stdlib@https://registry.npmjs.org/three-stdlib/-/three-stdlib-2.36.1.tgz 0ms (cache hit)
370 http cache three-mesh-bvh@https://registry.npmjs.org/three-mesh-bvh/-/three-mesh-bvh-0.8.3.tgz 0ms (cache hit)
371 http cache suspend-react@https://registry.npmjs.org/suspend-react/-/suspend-react-0.1.3.tgz 0ms (cache hit)
372 http cache stats.js@https://registry.npmjs.org/stats.js/-/stats.js-0.17.0.tgz 0ms (cache hit)
373 http cache stats-gl@https://registry.npmjs.org/stats-gl/-/stats-gl-2.4.2.tgz 0ms (cache hit)
374 http cache meshline@https://registry.npmjs.org/meshline/-/meshline-3.3.1.tgz 0ms (cache hit)
375 http cache maath@https://registry.npmjs.org/maath/-/maath-0.10.8.tgz 0ms (cache hit)
376 http cache use-sync-external-store@https://registry.npmjs.org/use-sync-external-store/-/use-sync-external-store-1.6.0.tgz 0ms (cache hit)
377 http cache hls.js@https://registry.npmjs.org/hls.js/-/hls.js-1.6.16.tgz 0ms (cache hit)
378 http cache detect-gpu@https://registry.npmjs.org/detect-gpu/-/detect-gpu-5.0.70.tgz 0ms (cache hit)
379 http cache camera-controls@https://registry.npmjs.org/camera-controls/-/camera-controls-3.1.2.tgz 0ms (cache hit)
380 http cache @use-gesture/react@https://registry.npmjs.org/@use-gesture/react/-/react-10.3.1.tgz 0ms (cache hit)
381 http cache glsl-noise@https://registry.npmjs.org/glsl-noise/-/glsl-noise-0.0.0.tgz 0ms (cache hit)
382 http cache @monogrid/gainmap-js@https://registry.npmjs.org/@monogrid/gainmap-js/-/gainmap-js-3.4.0.tgz 0ms (cache hit)
383 http cache @mediapipe/tasks-vision@https://registry.npmjs.org/@mediapipe/tasks-vision/-/tasks-vision-0.10.17.tgz 0ms (cache hit)
384 http cache @babel/runtime@https://registry.npmjs.org/@babel/runtime/-/runtime-7.29.2.tgz 0ms (cache hit)
385 http cache three@https://registry.npmjs.org/three/-/three-0.184.0.tgz 0ms (cache hit)
386 http cache cross-env@https://registry.npmjs.org/cross-env/-/cross-env-7.0.3.tgz 0ms (cache hit)
387 http cache tailwind-merge@https://registry.npmjs.org/tailwind-merge/-/tailwind-merge-3.5.0.tgz 0ms (cache hit)
388 http cache lucide-react@https://registry.npmjs.org/lucide-react/-/lucide-react-1.11.0.tgz 0ms (cache hit)
389 http cache lenis@https://registry.npmjs.org/lenis/-/lenis-1.3.23.tgz 0ms (cache hit)
390 http cache @react-three/fiber@https://registry.npmjs.org/@react-three/fiber/-/fiber-9.6.0.tgz 0ms (cache hit)
391 http cache @react-three/drei@https://registry.npmjs.org/@react-three/drei/-/drei-10.7.7.tgz 0ms (cache hit)
392 http cache clsx@https://registry.npmjs.org/clsx/-/clsx-2.1.1.tgz 0ms (cache hit)
393 http cache gsap@https://registry.npmjs.org/gsap/-/gsap-3.15.0.tgz 0ms (cache hit)
394 http cache zustand@https://registry.npmjs.org/zustand/-/zustand-4.5.7.tgz 0ms (cache hit)
395 http cache fsevents@https://registry.npmjs.org/fsevents/-/fsevents-2.3.3.tgz 0ms (cache hit)
396 http cache @types/node@https://registry.npmjs.org/@types/node/-/node-22.19.17.tgz 0ms (cache hit)
397 http cache three@https://registry.npmjs.org/three/-/three-0.170.0.tgz 0ms (cache hit)
398 http cache scheduler@https://registry.npmjs.org/scheduler/-/scheduler-0.27.0.tgz 0ms (cache hit)
399 http cache fflate@https://registry.npmjs.org/fflate/-/fflate-0.6.10.tgz 0ms (cache hit)
400 silly tarball no local data for require-from-string@https://registry.npmjs.org/require-from-string/-/require-from-string-2.0.2.tgz. Extracting by manifest.
401 silly tarball no local data for webgl-sdf-generator@https://registry.npmjs.org/webgl-sdf-generator/-/webgl-sdf-generator-1.1.1.tgz. Extracting by manifest.
402 silly tarball no local data for troika-worker-utils@https://registry.npmjs.org/troika-worker-utils/-/troika-worker-utils-0.52.0.tgz. Extracting by manifest.
403 silly tarball no local data for troika-three-utils@https://registry.npmjs.org/troika-three-utils/-/troika-three-utils-0.52.4.tgz. Extracting by manifest.
404 silly tarball no local data for bidi-js@https://registry.npmjs.org/bidi-js/-/bidi-js-1.0.3.tgz. Extracting by manifest.
405 silly tarball no local data for potpack@https://registry.npmjs.org/potpack/-/potpack-1.0.2.tgz. Extracting by manifest.
406 silly tarball no local data for draco3d@https://registry.npmjs.org/draco3d/-/draco3d-1.5.7.tgz. Extracting by manifest.
407 silly tarball no local data for @types/draco3d@https://registry.npmjs.org/@types/draco3d/-/draco3d-1.4.10.tgz. Extracting by manifest.
408 silly tarball no local data for meshoptimizer@https://registry.npmjs.org/meshoptimizer/-/meshoptimizer-1.1.1.tgz. Extracting by manifest.
409 silly tarball no local data for fflate@https://registry.npmjs.org/fflate/-/fflate-0.8.2.tgz. Extracting by manifest.
410 silly tarball no local data for @types/offscreencanvas@https://registry.npmjs.org/@types/offscreencanvas/-/offscreencanvas-2019.7.3.tgz. Extracting by manifest.
411 silly tarball no local data for @types/stats.js@https://registry.npmjs.org/@types/stats.js/-/stats.js-0.17.4.tgz. Extracting by manifest.
412 silly tarball no local data for @tweenjs/tween.js@https://registry.npmjs.org/@tweenjs/tween.js/-/tween.js-23.1.3.tgz. Extracting by manifest.
413 silly tarball no local data for @dimforge/rapier3d-compat@https://registry.npmjs.org/@dimforge/rapier3d-compat/-/rapier3d-compat-0.12.0.tgz. Extracting by manifest.
414 silly tarball no local data for @types/three@https://registry.npmjs.org/@types/three/-/three-0.184.0.tgz. Extracting by manifest.
415 silly tarball no local data for immediate@https://registry.npmjs.org/immediate/-/immediate-3.0.6.tgz. Extracting by manifest.
416 silly tarball no local data for lie@https://registry.npmjs.org/lie/-/lie-3.3.0.tgz. Extracting by manifest.
417 silly tarball no local data for is-promise@https://registry.npmjs.org/is-promise/-/is-promise-2.2.2.tgz. Extracting by manifest.
418 silly tarball no local data for @types/react-reconciler@https://registry.npmjs.org/@types/react-reconciler/-/react-reconciler-0.28.9.tgz. Extracting by manifest.
419 silly tarball no local data for webgl-constants@https://registry.npmjs.org/webgl-constants/-/webgl-constants-1.1.1.tgz. Extracting by manifest.
420 silly tarball no local data for ieee754@https://registry.npmjs.org/ieee754/-/ieee754-1.2.1.tgz. Extracting by manifest.
421 silly tarball no local data for @use-gesture/core@https://registry.npmjs.org/@use-gesture/core/-/core-10.3.1.tgz. Extracting by manifest.
422 silly tarball no local data for its-fine@https://registry.npmjs.org/its-fine/-/its-fine-2.0.0.tgz. Extracting by manifest.
423 silly tarball no local data for react-use-measure@https://registry.npmjs.org/react-use-measure/-/react-use-measure-2.1.7.tgz. Extracting by manifest.
424 silly tarball no local data for @types/webxr@https://registry.npmjs.org/@types/webxr/-/webxr-0.5.24.tgz. Extracting by manifest.
425 silly tarball no local data for buffer@https://registry.npmjs.org/buffer/-/buffer-6.0.3.tgz. Extracting by manifest.
426 silly tarball no local data for zustand@https://registry.npmjs.org/zustand/-/zustand-5.0.12.tgz. Extracting by manifest.
427 silly tarball no local data for base64-js@https://registry.npmjs.org/base64-js/-/base64-js-1.5.1.tgz. Extracting by manifest.
428 silly tarball no local data for utility-types@https://registry.npmjs.org/utility-types/-/utility-types-3.11.0.tgz. Extracting by manifest.
429 silly tarball no local data for tunnel-rat@https://registry.npmjs.org/tunnel-rat/-/tunnel-rat-0.1.2.tgz. Extracting by manifest.
430 silly tarball no local data for troika-three-text@https://registry.npmjs.org/troika-three-text/-/troika-three-text-0.52.4.tgz. Extracting by manifest.
431 silly tarball no local data for promise-worker-transferable@https://registry.npmjs.org/promise-worker-transferable/-/promise-worker-transferable-1.0.4.tgz. Extracting by manifest.
432 silly tarball no local data for three-stdlib@https://registry.npmjs.org/three-stdlib/-/three-stdlib-2.36.1.tgz. Extracting by manifest.
433 silly tarball no local data for three-mesh-bvh@https://registry.npmjs.org/three-mesh-bvh/-/three-mesh-bvh-0.8.3.tgz. Extracting by manifest.
434 silly tarball no local data for suspend-react@https://registry.npmjs.org/suspend-react/-/suspend-react-0.1.3.tgz. Extracting by manifest.
435 silly tarball no local data for stats.js@https://registry.npmjs.org/stats.js/-/stats.js-0.17.0.tgz. Extracting by manifest.
436 silly tarball no local data for stats-gl@https://registry.npmjs.org/stats-gl/-/stats-gl-2.4.2.tgz. Extracting by manifest.
437 silly tarball no local data for meshline@https://registry.npmjs.org/meshline/-/meshline-3.3.1.tgz. Extracting by manifest.
438 silly tarball no local data for maath@https://registry.npmjs.org/maath/-/maath-0.10.8.tgz. Extracting by manifest.
439 silly tarball no local data for use-sync-external-store@https://registry.npmjs.org/use-sync-external-store/-/use-sync-external-store-1.6.0.tgz. Extracting by manifest.
440 silly tarball no local data for hls.js@https://registry.npmjs.org/hls.js/-/hls.js-1.6.16.tgz. Extracting by manifest.
441 silly tarball no local data for detect-gpu@https://registry.npmjs.org/detect-gpu/-/detect-gpu-5.0.70.tgz. Extracting by manifest.
442 silly tarball no local data for camera-controls@https://registry.npmjs.org/camera-controls/-/camera-controls-3.1.2.tgz. Extracting by manifest.
443 silly tarball no local data for @use-gesture/react@https://registry.npmjs.org/@use-gesture/react/-/react-10.3.1.tgz. Extracting by manifest.
444 silly tarball no local data for glsl-noise@https://registry.npmjs.org/glsl-noise/-/glsl-noise-0.0.0.tgz. Extracting by manifest.
445 silly tarball no local data for @monogrid/gainmap-js@https://registry.npmjs.org/@monogrid/gainmap-js/-/gainmap-js-3.4.0.tgz. Extracting by manifest.
446 silly tarball no local data for @mediapipe/tasks-vision@https://registry.npmjs.org/@mediapipe/tasks-vision/-/tasks-vision-0.10.17.tgz. Extracting by manifest.
447 silly tarball no local data for @babel/runtime@https://registry.npmjs.org/@babel/runtime/-/runtime-7.29.2.tgz. Extracting by manifest.
448 silly tarball no local data for three@https://registry.npmjs.org/three/-/three-0.184.0.tgz. Extracting by manifest.
449 silly tarball no local data for cross-env@https://registry.npmjs.org/cross-env/-/cross-env-7.0.3.tgz. Extracting by manifest.
450 silly tarball no local data for tailwind-merge@https://registry.npmjs.org/tailwind-merge/-/tailwind-merge-3.5.0.tgz. Extracting by manifest.
451 silly tarball no local data for lucide-react@https://registry.npmjs.org/lucide-react/-/lucide-react-1.11.0.tgz. Extracting by manifest.
452 silly tarball no local data for lenis@https://registry.npmjs.org/lenis/-/lenis-1.3.23.tgz. Extracting by manifest.
453 silly tarball no local data for @react-three/fiber@https://registry.npmjs.org/@react-three/fiber/-/fiber-9.6.0.tgz. Extracting by manifest.
454 silly tarball no local data for @react-three/drei@https://registry.npmjs.org/@react-three/drei/-/drei-10.7.7.tgz. Extracting by manifest.
455 silly tarball no local data for clsx@https://registry.npmjs.org/clsx/-/clsx-2.1.1.tgz. Extracting by manifest.
456 silly tarball no local data for gsap@https://registry.npmjs.org/gsap/-/gsap-3.15.0.tgz. Extracting by manifest.
457 silly tarball no local data for zustand@https://registry.npmjs.org/zustand/-/zustand-4.5.7.tgz. Extracting by manifest.
458 silly tarball no local data for fsevents@https://registry.npmjs.org/fsevents/-/fsevents-2.3.3.tgz. Extracting by manifest.
459 silly tarball no local data for @types/node@https://registry.npmjs.org/@types/node/-/node-22.19.17.tgz. Extracting by manifest.
460 silly tarball no local data for three@https://registry.npmjs.org/three/-/three-0.170.0.tgz. Extracting by manifest.
461 silly tarball no local data for scheduler@https://registry.npmjs.org/scheduler/-/scheduler-0.27.0.tgz. Extracting by manifest.
462 silly tarball no local data for fflate@https://registry.npmjs.org/fflate/-/fflate-0.6.10.tgz. Extracting by manifest.
463 http fetch GET 200 https://registry.npmjs.org/require-from-string/-/require-from-string-2.0.2.tgz 154ms (cache miss)
464 http fetch GET 200 https://registry.npmjs.org/troika-worker-utils/-/troika-worker-utils-0.52.0.tgz 178ms (cache miss)
465 http fetch GET 200 https://registry.npmjs.org/potpack/-/potpack-1.0.2.tgz 230ms (cache miss)
466 http fetch GET 200 https://registry.npmjs.org/bidi-js/-/bidi-js-1.0.3.tgz 329ms (cache miss)
467 http fetch GET 200 https://registry.npmjs.org/troika-three-utils/-/troika-three-utils-0.52.4.tgz 420ms (cache miss)
468 http fetch GET 200 https://registry.npmjs.org/webgl-sdf-generator/-/webgl-sdf-generator-1.1.1.tgz 434ms (cache miss)
469 http fetch POST 200 https://registry.npmjs.org/-/npm/v1/security/advisories/bulk 481ms
470 silly audit report {}
471 http fetch GET 200 https://registry.npmjs.org/immediate/-/immediate-3.0.6.tgz 479ms (cache miss)
472 http fetch GET 200 https://registry.npmjs.org/is-promise/-/is-promise-2.2.2.tgz 493ms (cache miss)
473 http fetch GET 200 https://registry.npmjs.org/lie/-/lie-3.3.0.tgz 495ms (cache miss)
474 http fetch GET 200 https://registry.npmjs.org/@types/react-reconciler/-/react-reconciler-0.28.9.tgz 583ms (cache miss)
475 http fetch GET 200 https://registry.npmjs.org/ieee754/-/ieee754-1.2.1.tgz 584ms (cache miss)
476 http fetch GET 200 https://registry.npmjs.org/react-use-measure/-/react-use-measure-2.1.7.tgz 698ms (cache miss)
477 http fetch GET 200 https://registry.npmjs.org/its-fine/-/its-fine-2.0.0.tgz 702ms (cache miss)
478 http fetch GET 200 https://registry.npmjs.org/@use-gesture/core/-/core-10.3.1.tgz 717ms (cache miss)
479 http fetch GET 200 https://registry.npmjs.org/@types/draco3d/-/draco3d-1.4.10.tgz 728ms (cache miss)
480 http fetch GET 200 https://registry.npmjs.org/@types/stats.js/-/stats.js-0.17.4.tgz 859ms (cache miss)
481 http fetch GET 200 https://registry.npmjs.org/@types/offscreencanvas/-/offscreencanvas-2019.7.3.tgz 895ms (cache miss)
482 http fetch GET 200 https://registry.npmjs.org/@tweenjs/tween.js/-/tween.js-23.1.3.tgz 1229ms (cache miss)
483 http fetch GET 200 https://registry.npmjs.org/buffer/-/buffer-6.0.3.tgz 1380ms (cache miss)
484 http fetch GET 200 https://registry.npmjs.org/base64-js/-/base64-js-1.5.1.tgz 1490ms (cache miss)
485 http fetch GET 200 https://registry.npmjs.org/zustand/-/zustand-5.0.12.tgz 1536ms (cache miss)
486 http fetch GET 200 https://registry.npmjs.org/tunnel-rat/-/tunnel-rat-0.1.2.tgz 1578ms (cache miss)
487 http fetch GET 200 https://registry.npmjs.org/utility-types/-/utility-types-3.11.0.tgz 1578ms (cache miss)
488 http fetch GET 200 https://registry.npmjs.org/@types/webxr/-/webxr-0.5.24.tgz 1586ms (cache miss)
489 http fetch GET 200 https://registry.npmjs.org/meshoptimizer/-/meshoptimizer-1.1.1.tgz 1590ms (cache miss)
490 http fetch GET 200 https://registry.npmjs.org/webgl-constants/-/webgl-constants-1.1.1.tgz 1588ms (cache miss)
491 http fetch GET 200 https://registry.npmjs.org/promise-worker-transferable/-/promise-worker-transferable-1.0.4.tgz 1697ms (cache miss)
492 http fetch GET 200 https://registry.npmjs.org/suspend-react/-/suspend-react-0.1.3.tgz 1915ms (cache miss)
493 http fetch GET 200 https://registry.npmjs.org/stats.js/-/stats.js-0.17.0.tgz 1928ms (cache miss)
494 http fetch GET 200 https://registry.npmjs.org/fflate/-/fflate-0.8.2.tgz 2039ms (cache miss)
495 http fetch GET 200 https://registry.npmjs.org/stats-gl/-/stats-gl-2.4.2.tgz 2109ms (cache miss)
496 http fetch GET 200 https://registry.npmjs.org/meshline/-/meshline-3.3.1.tgz 2151ms (cache miss)
497 http fetch GET 200 https://registry.npmjs.org/use-sync-external-store/-/use-sync-external-store-1.6.0.tgz 2151ms (cache miss)
498 http fetch GET 200 https://registry.npmjs.org/maath/-/maath-0.10.8.tgz 2193ms (cache miss)
499 http fetch GET 200 https://registry.npmjs.org/@use-gesture/react/-/react-10.3.1.tgz 2856ms (cache miss)
500 http fetch GET 200 https://registry.npmjs.org/camera-controls/-/camera-controls-3.1.2.tgz 2879ms (cache miss)
501 http fetch GET 200 https://registry.npmjs.org/glsl-noise/-/glsl-noise-0.0.0.tgz 2990ms (cache miss)
502 http fetch GET 200 https://registry.npmjs.org/troika-three-text/-/troika-three-text-0.52.4.tgz 3614ms (cache miss)
503 http fetch GET 200 https://registry.npmjs.org/detect-gpu/-/detect-gpu-5.0.70.tgz 3813ms (cache miss)
504 http fetch GET 200 https://registry.npmjs.org/cross-env/-/cross-env-7.0.3.tgz 4309ms (cache miss)
505 http fetch GET 200 https://registry.npmjs.org/draco3d/-/draco3d-1.5.7.tgz 4443ms (cache miss)
506 http fetch GET 200 https://registry.npmjs.org/@monogrid/gainmap-js/-/gainmap-js-3.4.0.tgz 4755ms (cache miss)
507 http fetch GET 200 https://registry.npmjs.org/@babel/runtime/-/runtime-7.29.2.tgz 4775ms (cache miss)
508 http fetch GET 200 https://registry.npmjs.org/clsx/-/clsx-2.1.1.tgz 5799ms (cache miss)
509 http fetch GET 200 https://registry.npmjs.org/fsevents/-/fsevents-2.3.3.tgz 6720ms (cache miss)
510 http fetch GET 200 https://registry.npmjs.org/tailwind-merge/-/tailwind-merge-3.5.0.tgz 6729ms (cache miss)
511 http fetch GET 200 https://registry.npmjs.org/three-mesh-bvh/-/three-mesh-bvh-0.8.3.tgz 8674ms (cache miss)
512 http fetch GET 200 https://registry.npmjs.org/zustand/-/zustand-4.5.7.tgz 9093ms (cache miss)
513 http fetch GET 200 https://registry.npmjs.org/lenis/-/lenis-1.3.23.tgz 11558ms (cache miss)
514 http fetch GET 200 https://registry.npmjs.org/scheduler/-/scheduler-0.27.0.tgz 11995ms (cache miss)
515 http fetch GET 200 https://registry.npmjs.org/@react-three/drei/-/drei-10.7.7.tgz 12082ms (cache miss)
516 http fetch GET 200 https://registry.npmjs.org/fflate/-/fflate-0.6.10.tgz 12509ms (cache miss)
517 http fetch GET 200 https://registry.npmjs.org/@react-three/fiber/-/fiber-9.6.0.tgz 12525ms (cache miss)
518 http fetch GET 200 https://registry.npmjs.org/@types/three/-/three-0.184.0.tgz 13849ms (cache miss)
519 http fetch GET 200 https://registry.npmjs.org/@types/node/-/node-22.19.17.tgz 14396ms (cache miss)
520 http fetch GET 200 https://registry.npmjs.org/gsap/-/gsap-3.15.0.tgz 20608ms (cache miss)
521 http fetch GET 200 https://registry.npmjs.org/@dimforge/rapier3d-compat/-/rapier3d-compat-0.12.0.tgz 24315ms (cache miss)
522 http fetch GET 200 https://registry.npmjs.org/lucide-react/-/lucide-react-1.11.0.tgz 31231ms (cache miss)
523 http fetch GET 200 https://registry.npmjs.org/three-stdlib/-/three-stdlib-2.36.1.tgz 33316ms (cache miss)
524 http fetch GET 200 https://registry.npmjs.org/hls.js/-/hls.js-1.6.16.tgz 41267ms (cache miss)
525 http fetch GET 200 https://registry.npmjs.org/three/-/three-0.170.0.tgz 42838ms (cache miss)
526 http fetch GET 200 https://registry.npmjs.org/three/-/three-0.184.0.tgz 44163ms (cache miss)
527 http fetch GET 200 https://registry.npmjs.org/@mediapipe/tasks-vision/-/tasks-vision-0.10.17.tgz 46218ms (cache miss)
528 silly ADD node_modules/require-from-string
529 silly ADD node_modules/webgl-sdf-generator
530 silly ADD node_modules/troika-worker-utils
531 silly ADD node_modules/troika-three-utils
532 silly ADD node_modules/bidi-js
533 silly ADD node_modules/potpack
534 silly ADD node_modules/draco3d
535 silly ADD node_modules/@types/offscreencanvas
536 silly ADD node_modules/@types/draco3d
537 silly ADD node_modules/meshoptimizer
538 silly ADD node_modules/fflate
539 silly ADD node_modules/@types/stats.js
540 silly ADD node_modules/@tweenjs/tween.js
541 silly ADD node_modules/@dimforge/rapier3d-compat
542 silly ADD node_modules/@types/three
543 silly ADD node_modules/immediate
544 silly ADD node_modules/lie
545 silly ADD node_modules/is-promise
546 silly ADD node_modules/@types/react-reconciler
547 silly ADD node_modules/webgl-constants
548 silly ADD node_modules/ieee754
549 silly ADD node_modules/@use-gesture/core
550 silly ADD node_modules/react-use-measure
551 silly ADD node_modules/its-fine
552 silly ADD node_modules/buffer
553 silly ADD node_modules/base64-js
554 silly ADD node_modules/@types/webxr
555 silly ADD node_modules/promise-worker-transferable
556 silly ADD node_modules/zustand
557 silly ADD node_modules/utility-types
558 silly ADD node_modules/use-sync-external-store
559 silly ADD node_modules/tunnel-rat
560 silly ADD node_modules/tunnel-rat/node_modules/zustand
561 silly ADD node_modules/troika-three-text
562 silly ADD node_modules/three-stdlib
563 silly ADD node_modules/three-stdlib/node_modules/fflate
564 silly ADD node_modules/three-mesh-bvh
565 silly ADD node_modules/suspend-react
566 silly ADD node_modules/stats.js
567 silly ADD node_modules/stats-gl
568 silly ADD node_modules/stats-gl/node_modules/three
569 silly ADD node_modules/meshline
570 silly ADD node_modules/maath
571 silly ADD node_modules/hls.js
572 silly ADD node_modules/glsl-noise
573 silly ADD node_modules/detect-gpu
574 silly ADD node_modules/cross-env
575 silly ADD node_modules/camera-controls
576 silly ADD node_modules/@use-gesture/react
577 silly ADD node_modules/@monogrid/gainmap-js
578 silly ADD node_modules/@mediapipe/tasks-vision
579 silly ADD node_modules/@babel/runtime
580 silly ADD node_modules/three
581 silly ADD node_modules/tailwind-merge
582 silly ADD node_modules/lucide-react
583 silly ADD node_modules/lenis
584 silly ADD node_modules/gsap
585 silly ADD node_modules/clsx
586 silly ADD node_modules/@react-three/fiber
587 silly ADD node_modules/@react-three/fiber/node_modules/scheduler
588 silly ADD node_modules/@react-three/drei
589 silly ADD node_modules/fsevents
590 silly ADD node_modules/@types/node
591 verbose cwd /Users/domesanj/Documents/Projects/My Portfolio main
592 verbose os Darwin 25.4.0
593 verbose node v24.11.1
594 verbose npm  v11.6.2
595 notice
595 notice New [33mminor[39m version of npm available! [33m11.6.2[39m -> [34m11.13.0[39m
595 notice Changelog: [34mhttps://github.com/npm/cli/releases/tag/v11.13.0[39m
595 notice To update run: [4mnpm install -g npm@11.13.0[24m
595 notice  { force: true, Symbol(proc-log.meta): true }
596 verbose exit 0
597 info ok
