0 verbose cli /usr/local/bin/node /usr/local/bin/npm
1 info using npm@11.6.2
2 info using node@v24.11.1
3 silly config load:file:/usr/local/lib/node_modules/npm/npmrc
4 silly config load:file:/Users/domesanj/Documents/Projects/My Portfolio main/.npmrc
5 silly config load:file:/Users/domesanj/.npmrc
6 silly config load:file:/usr/local/etc/npmrc
7 verbose title npm install @types/three
8 verbose argv "install" "--save-dev" "@types/three" "--legacy-peer-deps" "--cache" ".npm-cache"
9 verbose logfile logs-max:10 dir:/Users/domesanj/Documents/Projects/My Portfolio main/.npm-cache/_logs/2026-04-26T10_17_56_250Z-
10 verbose logfile /Users/domesanj/Documents/Projects/My Portfolio main/.npm-cache/_logs/2026-04-26T10_17_56_250Z-debug-0.log
11 silly logfile done cleaning log files
12 silly packumentCache heap:2348810240 maxSize:587202560 maxEntrySize:293601280
13 silly idealTree buildDeps
14 silly fetch manifest @types/three@*
15 silly packumentCache full:https://registry.npmjs.org/@types%2fthree cache-miss
16 http cache https://registry.npmjs.org/@types%2fthree 28ms (cache hit)
17 silly packumentCache full:https://registry.npmjs.org/@types%2fthree set size:639423 disposed:false
18 silly placeDep ROOT @types/three@0.184.0 REPLACE for: ds-sujai-portfolio@1.0.0 want: *
19 silly reify moves {}
20 silly audit bulk request {
20 silly audit   '@alloc/quick-lru': [ '5.2.0' ],
20 silly audit   '@babel/code-frame': [ '7.29.0' ],
20 silly audit   '@babel/compat-data': [ '7.29.0' ],
20 silly audit   '@babel/core': [ '7.29.0' ],
20 silly audit   '@babel/generator': [ '7.29.1' ],
20 silly audit   '@babel/helper-compilation-targets': [ '7.28.6' ],
20 silly audit   '@babel/helper-globals': [ '7.28.0' ],
20 silly audit   '@babel/helper-module-imports': [ '7.28.6' ],
20 silly audit   '@babel/helper-module-transforms': [ '7.28.6' ],
20 silly audit   '@babel/helper-plugin-utils': [ '7.28.6' ],
20 silly audit   '@babel/helper-string-parser': [ '7.27.1' ],
20 silly audit   '@babel/helper-validator-identifier': [ '7.28.5' ],
20 silly audit   '@babel/helper-validator-option': [ '7.27.1' ],
20 silly audit   '@babel/helpers': [ '7.29.2' ],
20 silly audit   '@babel/parser': [ '7.29.2' ],
20 silly audit   '@babel/plugin-transform-react-jsx-self': [ '7.27.1' ],
20 silly audit   '@babel/plugin-transform-react-jsx-source': [ '7.27.1' ],
20 silly audit   '@babel/runtime': [ '7.29.2' ],
20 silly audit   '@babel/template': [ '7.28.6' ],
20 silly audit   '@babel/traverse': [ '7.29.0' ],
20 silly audit   '@babel/types': [ '7.29.0' ],
20 silly audit   '@dimforge/rapier3d-compat': [ '0.12.0' ],
20 silly audit   '@esbuild/aix-ppc64': [ '0.25.12' ],
20 silly audit   '@esbuild/android-arm': [ '0.25.12' ],
20 silly audit   '@esbuild/android-arm64': [ '0.25.12' ],
20 silly audit   '@esbuild/android-x64': [ '0.25.12' ],
20 silly audit   '@esbuild/darwin-arm64': [ '0.25.12' ],
20 silly audit   '@esbuild/darwin-x64': [ '0.25.12' ],
20 silly audit   '@esbuild/freebsd-arm64': [ '0.25.12' ],
20 silly audit   '@esbuild/freebsd-x64': [ '0.25.12' ],
20 silly audit   '@esbuild/linux-arm': [ '0.25.12' ],
20 silly audit   '@esbuild/linux-arm64': [ '0.25.12' ],
20 silly audit   '@esbuild/linux-ia32': [ '0.25.12' ],
20 silly audit   '@esbuild/linux-loong64': [ '0.25.12' ],
20 silly audit   '@esbuild/linux-mips64el': [ '0.25.12' ],
20 silly audit   '@esbuild/linux-ppc64': [ '0.25.12' ],
20 silly audit   '@esbuild/linux-riscv64': [ '0.25.12' ],
20 silly audit   '@esbuild/linux-s390x': [ '0.25.12' ],
20 silly audit   '@esbuild/linux-x64': [ '0.25.12' ],
20 silly audit   '@esbuild/netbsd-arm64': [ '0.25.12' ],
20 silly audit   '@esbuild/netbsd-x64': [ '0.25.12' ],
20 silly audit   '@esbuild/openbsd-arm64': [ '0.25.12' ],
20 silly audit   '@esbuild/openbsd-x64': [ '0.25.12' ],
20 silly audit   '@esbuild/openharmony-arm64': [ '0.25.12' ],
20 silly audit   '@esbuild/sunos-x64': [ '0.25.12' ],
20 silly audit   '@esbuild/win32-arm64': [ '0.25.12' ],
20 silly audit   '@esbuild/win32-ia32': [ '0.25.12' ],
20 silly audit   '@esbuild/win32-x64': [ '0.25.12' ],
20 silly audit   '@eslint-community/eslint-utils': [ '4.9.1' ],
20 silly audit   'eslint-visitor-keys': [ '3.4.3', '5.0.1', '4.2.1' ],
20 silly audit   '@eslint-community/regexpp': [ '4.12.2' ],
20 silly audit   '@eslint/config-array': [ '0.21.2' ],
20 silly audit   '@eslint/config-helpers': [ '0.4.2' ],
20 silly audit   '@eslint/core': [ '0.17.0' ],
20 silly audit   '@eslint/eslintrc': [ '3.3.5' ],
20 silly audit   globals: [ '14.0.0', '15.15.0' ],
20 silly audit   '@eslint/js': [ '9.39.4' ],
20 silly audit   '@eslint/object-schema': [ '2.1.7' ],
20 silly audit   '@eslint/plugin-kit': [ '0.4.1' ],
20 silly audit   '@hookform/resolvers': [ '3.10.0' ],
20 silly audit   '@humanfs/core': [ '0.19.2' ],
20 silly audit   '@humanfs/node': [ '0.16.8' ],
20 silly audit   '@humanfs/types': [ '0.15.0' ],
20 silly audit   '@humanwhocodes/module-importer': [ '1.0.1' ],
20 silly audit   '@humanwhocodes/retry': [ '0.4.3' ],
20 silly audit   '@jridgewell/gen-mapping': [ '0.3.13' ],
20 silly audit   '@jridgewell/remapping': [ '2.3.5' ],
20 silly audit   '@jridgewell/resolve-uri': [ '3.1.2' ],
20 silly audit   '@jridgewell/sourcemap-codec': [ '1.5.5' ],
20 silly audit   '@jridgewell/trace-mapping': [ '0.3.31' ],
20 silly audit   '@mediapipe/tasks-vision': [ '0.10.17' ],
20 silly audit   '@monogrid/gainmap-js': [ '3.4.0' ],
20 silly audit   '@nodelib/fs.scandir': [ '2.1.5' ],
20 silly audit   '@nodelib/fs.stat': [ '2.0.5' ],
20 silly audit   '@nodelib/fs.walk': [ '1.2.8' ],
20 silly audit   '@react-three/drei': [ '10.7.7' ],
20 silly audit   '@react-three/fiber': [ '9.6.0' ],
20 silly audit   scheduler: [ '0.27.0', '0.23.2' ],
20 silly audit   '@rolldown/pluginutils': [ '1.0.0-beta.27' ],
20 silly audit   '@rollup/rollup-android-arm-eabi': [ '4.60.2' ],
20 silly audit   '@rollup/rollup-android-arm64': [ '4.60.2' ],
20 silly audit   '@rollup/rollup-darwin-arm64': [ '4.60.2' ],
20 silly audit   '@rollup/rollup-darwin-x64': [ '4.60.2' ],
20 silly audit   '@rollup/rollup-freebsd-arm64': [ '4.60.2' ],
20 silly audit   '@rollup/rollup-freebsd-x64': [ '4.60.2' ],
20 silly audit   '@rollup/rollup-linux-arm-gnueabihf': [ '4.60.2' ],
20 silly audit   '@rollup/rollup-linux-arm-musleabihf': [ '4.60.2' ],
20 silly audit   '@rollup/rollup-linux-arm64-gnu': [ '4.60.2' ],
20 silly audit   '@rollup/rollup-linux-arm64-musl': [ '4.60.2' ],
20 silly audit   '@rollup/rollup-linux-loong64-gnu': [ '4.60.2' ],
20 silly audit   '@rollup/rollup-linux-loong64-musl': [ '4.60.2' ],
20 silly audit   '@rollup/rollup-linux-ppc64-gnu': [ '4.60.2' ],
20 silly audit   '@rollup/rollup-linux-ppc64-musl': [ '4.60.2' ],
20 silly audit   '@rollup/rollup-linux-riscv64-gnu': [ '4.60.2' ],
20 silly audit   '@rollup/rollup-linux-riscv64-musl': [ '4.60.2' ],
20 silly audit   '@rollup/rollup-linux-s390x-gnu': [ '4.60.2' ],
20 silly audit   '@rollup/rollup-linux-x64-gnu': [ '4.60.2' ],
20 silly audit   '@rollup/rollup-linux-x64-musl': [ '4.60.2' ],
20 silly audit   '@rollup/rollup-openbsd-x64': [ '4.60.2' ],
20 silly audit   '@rollup/rollup-openharmony-arm64': [ '4.60.2' ],
20 silly audit   '@rollup/rollup-win32-arm64-msvc': [ '4.60.2' ],
20 silly audit   '@rollup/rollup-win32-ia32-msvc': [ '4.60.2' ],
20 silly audit   '@rollup/rollup-win32-x64-gnu': [ '4.60.2' ],
20 silly audit   '@rollup/rollup-win32-x64-msvc': [ '4.60.2' ],
20 silly audit   '@tweenjs/tween.js': [ '23.1.3' ],
20 silly audit   '@types/babel__core': [ '7.20.5' ],
20 silly audit   '@types/babel__generator': [ '7.27.0' ],
20 silly audit   '@types/babel__template': [ '7.4.4' ],
20 silly audit   '@types/babel__traverse': [ '7.28.0' ],
20 silly audit   '@types/draco3d': [ '1.4.10' ],
20 silly audit   '@types/estree': [ '1.0.8' ],
20 silly audit   '@types/json-schema': [ '7.0.15' ],
20 silly audit   '@types/node': [ '22.19.17' ],
20 silly audit   '@types/offscreencanvas': [ '2019.7.3' ],
20 silly audit   '@types/prop-types': [ '15.7.15' ],
20 silly audit   '@types/react': [ '18.3.28' ],
20 silly audit   '@types/react-dom': [ '18.3.7' ],
20 silly audit   '@types/react-reconciler': [ '0.28.9' ],
20 silly audit   '@types/stats.js': [ '0.17.4' ],
20 silly audit   '@types/webxr': [ '0.5.24' ],
20 silly audit   '@typescript-eslint/eslint-plugin': [ '8.58.2' ],
20 silly audit   ignore: [ '7.0.5', '5.3.2' ],
20 silly audit   '@typescript-eslint/parser': [ '8.58.2' ],
20 silly audit   '@typescript-eslint/project-service': [ '8.58.2' ],
20 silly audit   '@typescript-eslint/scope-manager': [ '8.58.2' ],
20 silly audit   '@typescript-eslint/tsconfig-utils': [ '8.58.2' ],
20 silly audit   '@typescript-eslint/type-utils': [ '8.58.2' ],
20 silly audit   '@typescript-eslint/types': [ '8.58.2' ],
20 silly audit   '@typescript-eslint/typescript-estree': [ '8.58.2' ],
20 silly audit   'balanced-match': [ '4.0.4', '1.0.2' ],
20 silly audit   'brace-expansion': [ '5.0.5', '1.1.14' ],
20 silly audit   minimatch: [ '10.2.5', '3.1.5' ],
20 silly audit   semver: [ '7.7.4', '6.3.1' ],
20 silly audit   '@typescript-eslint/utils': [ '8.58.2' ],
20 silly audit   '@typescript-eslint/visitor-keys': [ '8.58.2' ],
20 silly audit   '@use-gesture/core': [ '10.3.1' ],
20 silly audit   '@use-gesture/react': [ '10.3.1' ],
20 silly audit   '@vitejs/plugin-react': [ '4.7.0' ],
20 silly audit   acorn: [ '8.16.0' ],
20 silly audit   'acorn-jsx': [ '5.3.2' ],
20 silly audit   ajv: [ '6.14.0' ],
20 silly audit   'ansi-styles': [ '4.3.0' ],
20 silly audit   'any-promise': [ '1.3.0' ],
20 silly audit   anymatch: [ '3.1.3' ],
20 silly audit   arg: [ '5.0.2' ],
20 silly audit   argparse: [ '2.0.1' ],
20 silly audit   autoprefixer: [ '10.5.0' ],
20 silly audit   'base64-js': [ '1.5.1' ],
20 silly audit   'baseline-browser-mapping': [ '2.10.20' ],
20 silly audit   'bidi-js': [ '1.0.3' ],
20 silly audit   'binary-extensions': [ '2.3.0' ],
20 silly audit   braces: [ '3.0.3' ],
20 silly audit   browserslist: [ '4.28.2' ],
20 silly audit   buffer: [ '6.0.3' ],
20 silly audit   callsites: [ '3.1.0' ],
20 silly audit   'camelcase-css': [ '2.0.1' ],
20 silly audit   'camera-controls': [ '3.1.2' ],
20 silly audit   'caniuse-lite': [ '1.0.30001788' ],
20 silly audit   chalk: [ '4.1.2' ],
20 silly audit   chokidar: [ '3.6.0' ],
20 silly audit   'glob-parent': [ '5.1.2', '6.0.2' ],
20 silly audit   clsx: [ '2.1.1' ],
20 silly audit   'color-convert': [ '2.0.1' ],
20 silly audit   'color-name': [ '1.1.4' ],
20 silly audit   commander: [ '4.1.1' ],
20 silly audit   'concat-map': [ '0.0.1' ],
20 silly audit   'convert-source-map': [ '2.0.0' ],
20 silly audit   cookie: [ '1.1.1' ],
20 silly audit   'cross-env': [ '7.0.3' ],
20 silly audit   'cross-spawn': [ '7.0.6' ],
20 silly audit   cssesc: [ '3.0.0' ],
20 silly audit   csstype: [ '3.2.3' ],
20 silly audit   debug: [ '4.4.3' ],
20 silly audit   'deep-is': [ '0.1.4' ],
20 silly audit   'detect-gpu': [ '5.0.70' ],
20 silly audit   didyoumean: [ '1.2.2' ],
20 silly audit   dlv: [ '1.1.3' ],
20 silly audit   draco3d: [ '1.5.7' ],
20 silly audit   'electron-to-chromium': [ '1.5.340' ],
20 silly audit   'es-errors': [ '1.3.0' ],
20 silly audit   esbuild: [ '0.25.12' ],
20 silly audit   escalade: [ '3.2.0' ],
20 silly audit   'escape-string-regexp': [ '4.0.0' ],
20 silly audit   eslint: [ '9.39.4' ],
20 silly audit   'eslint-plugin-react-hooks': [ '5.2.0' ],
20 silly audit   'eslint-plugin-react-refresh': [ '0.4.26' ],
20 silly audit   'eslint-scope': [ '8.4.0' ],
20 silly audit   espree: [ '10.4.0' ],
20 silly audit   esquery: [ '1.7.0' ],
20 silly audit   esrecurse: [ '4.3.0' ],
20 silly audit   estraverse: [ '5.3.0' ],
20 silly audit   esutils: [ '2.0.3' ],
20 silly audit   'fast-deep-equal': [ '3.1.3' ],
20 silly audit   'fast-glob': [ '3.3.3' ],
20 silly audit   'fast-json-stable-stringify': [ '2.1.0' ],
20 silly audit   'fast-levenshtein': [ '2.0.6' ],
20 silly audit   fastq: [ '1.20.1' ],
20 silly audit   fflate: [ '0.8.2', '0.6.10' ],
20 silly audit   'file-entry-cache': [ '8.0.0' ],
20 silly audit   'fill-range': [ '7.1.1' ],
20 silly audit   'find-up': [ '5.0.0' ],
20 silly audit   'flat-cache': [ '4.0.1' ],
20 silly audit   flatted: [ '3.4.2' ],
20 silly audit   'fraction.js': [ '5.3.4' ],
20 silly audit   'framer-motion': [ '11.18.2' ],
20 silly audit   fsevents: [ '2.3.3' ],
20 silly audit   'function-bind': [ '1.1.2' ],
20 silly audit   gensync: [ '1.0.0-beta.2' ],
20 silly audit   'glsl-noise': [ '0.0.0' ],
20 silly audit   gsap: [ '3.15.0' ],
20 silly audit   'has-flag': [ '4.0.0' ],
20 silly audit   hasown: [ '2.0.3' ],
20 silly audit   'hls.js': [ '1.6.16' ],
20 silly audit   ieee754: [ '1.2.1' ],
20 silly audit   immediate: [ '3.0.6' ],
20 silly audit   'import-fresh': [ '3.3.1' ],
20 silly audit   imurmurhash: [ '0.1.4' ],
20 silly audit   'is-binary-path': [ '2.1.0' ],
20 silly audit   'is-core-module': [ '2.16.1' ],
20 silly audit   'is-extglob': [ '2.1.1' ],
20 silly audit   'is-glob': [ '4.0.3' ],
20 silly audit   'is-number': [ '7.0.0' ],
20 silly audit   'is-promise': [ '2.2.2' ],
20 silly audit   isexe: [ '2.0.0' ],
20 silly audit   'its-fine': [ '2.0.0' ],
20 silly audit   jiti: [ '1.21.7' ],
20 silly audit   'js-tokens': [ '4.0.0' ],
20 silly audit   'js-yaml': [ '4.1.1' ],
20 silly audit   jsesc: [ '3.1.0' ],
20 silly audit   'json-buffer': [ '3.0.1' ],
20 silly audit   'json-schema-traverse': [ '0.4.1' ],
20 silly audit   'json-stable-stringify-without-jsonify': [ '1.0.1' ],
20 silly audit   json5: [ '2.2.3' ],
20 silly audit   keyv: [ '4.5.4' ],
20 silly audit   lenis: [ '1.3.23' ],
20 silly audit   levn: [ '0.4.1' ],
20 silly audit   lie: [ '3.3.0' ],
20 silly audit   lilconfig: [ '3.1.3' ],
20 silly audit   'lines-and-columns': [ '1.2.4' ],
20 silly audit   'locate-path': [ '6.0.0' ],
20 silly audit   'lodash.merge': [ '4.6.2' ],
20 silly audit   'loose-envify': [ '1.4.0' ],
20 silly audit   'lru-cache': [ '5.1.1' ],
20 silly audit   'lucide-react': [ '1.11.0' ],
20 silly audit   maath: [ '0.10.8' ],
20 silly audit   merge2: [ '1.4.1' ],
20 silly audit   meshline: [ '3.3.1' ],
20 silly audit   meshoptimizer: [ '1.1.1' ],
20 silly audit   micromatch: [ '4.0.8' ],
20 silly audit   'motion-dom': [ '11.18.1' ],
20 silly audit   'motion-utils': [ '11.18.1' ],
20 silly audit   ms: [ '2.1.3' ],
20 silly audit   mz: [ '2.7.0' ],
20 silly audit   nanoid: [ '3.3.11' ],
20 silly audit   'natural-compare': [ '1.4.0' ],
20 silly audit   'node-releases': [ '2.0.37' ],
20 silly audit   'normalize-path': [ '3.0.0' ],
20 silly audit   'object-assign': [ '4.1.1' ],
20 silly audit   'object-hash': [ '3.0.0' ],
20 silly audit   optionator: [ '0.9.4' ],
20 silly audit   'p-limit': [ '3.1.0' ],
20 silly audit   'p-locate': [ '5.0.0' ],
20 silly audit   'parent-module': [ '1.0.1' ],
20 silly audit   'path-exists': [ '4.0.0' ],
20 silly audit   'path-key': [ '3.1.1' ],
20 silly audit   'path-parse': [ '1.0.7' ],
20 silly audit   picocolors: [ '1.1.1' ],
20 silly audit   picomatch: [ '2.3.2', '4.0.4' ],
20 silly audit   pify: [ '2.3.0' ],
20 silly audit   pirates: [ '4.0.7' ],
20 silly audit   postcss: [ '8.5.10' ],
20 silly audit   'postcss-import': [ '15.1.0' ],
20 silly audit   'postcss-js': [ '4.1.0' ],
20 silly audit   'postcss-load-config': [ '6.0.1' ],
20 silly audit   'postcss-nested': [ '6.2.0' ],
20 silly audit   'postcss-selector-parser': [ '6.1.2' ],
20 silly audit   'postcss-value-parser': [ '4.2.0' ],
20 silly audit   potpack: [ '1.0.2' ],
20 silly audit   'prelude-ls': [ '1.2.1' ],
20 silly audit   prettier: [ '3.8.3' ],
20 silly audit   'promise-worker-transferable': [ '1.0.4' ],
20 silly audit   punycode: [ '2.3.1' ],
20 silly audit   'queue-microtask': [ '1.2.3' ],
20 silly audit   react: [ '18.3.1' ],
20 silly audit   'react-dom': [ '18.3.1' ],
20 silly audit   'react-hook-form': [ '7.72.1' ],
20 silly audit   'react-refresh': [ '0.17.0' ],
20 silly audit   'react-router': [ '7.14.1' ],
20 silly audit   'react-router-dom': [ '7.14.1' ],
20 silly audit   'react-use-measure': [ '2.1.7' ],
20 silly audit   'read-cache': [ '1.0.0' ],
20 silly audit   readdirp: [ '3.6.0' ],
20 silly audit   'require-from-string': [ '2.0.2' ],
20 silly audit   resolve: [ '1.22.12' ],
20 silly audit   'resolve-from': [ '4.0.0' ],
20 silly audit   reusify: [ '1.1.0' ],
20 silly audit   rollup: [ '4.60.2' ],
20 silly audit   'run-parallel': [ '1.2.0' ],
20 silly audit   'set-cookie-parser': [ '2.7.2' ],
20 silly audit   'shebang-command': [ '2.0.0' ],
20 silly audit   'shebang-regex': [ '3.0.0' ],
20 silly audit   'source-map-js': [ '1.2.1' ],
20 silly audit   'stats-gl': [ '2.4.2' ],
20 silly audit   three: [ '0.170.0', '0.184.0' ],
20 silly audit   'stats.js': [ '0.17.0' ],
20 silly audit   'strip-json-comments': [ '3.1.1' ],
20 silly audit   sucrase: [ '3.35.1' ],
20 silly audit   'supports-color': [ '7.2.0' ],
20 silly audit   'supports-preserve-symlinks-flag': [ '1.0.0' ],
20 silly audit   'suspend-react': [ '0.1.3' ],
20 silly audit   'tailwind-merge': [ '3.5.0' ],
20 silly audit   tailwindcss: [ '3.4.19' ],
20 silly audit   thenify: [ '3.3.1' ],
20 silly audit   'thenify-all': [ '1.6.0' ],
20 silly audit   'three-mesh-bvh': [ '0.8.3' ],
20 silly audit   'three-stdlib': [ '2.36.1' ],
20 silly audit   tinyglobby: [ '0.2.16' ],
20 silly audit   fdir: [ '6.5.0' ],
20 silly audit   'to-regex-range': [ '5.0.1' ],
20 silly audit   'troika-three-text': [ '0.52.4' ],
20 silly audit   'troika-three-utils': [ '0.52.4' ],
20 silly audit   'troika-worker-utils': [ '0.52.0' ],
20 silly audit   'ts-api-utils': [ '2.5.0' ],
20 silly audit   'ts-interface-checker': [ '0.1.13' ],
20 silly audit   tslib: [ '2.8.1' ],
20 silly audit   'tunnel-rat': [ '0.1.2' ],
20 silly audit   zustand: [ '4.5.7', '5.0.12' ],
20 silly audit   'type-check': [ '0.4.0' ],
20 silly audit   typescript: [ '5.6.3' ],
20 silly audit   'typescript-eslint': [ '8.58.2' ],
20 silly audit   'undici-types': [ '6.21.0' ],
20 silly audit   'update-browserslist-db': [ '1.2.3' ],
20 silly audit   'uri-js': [ '4.4.1' ],
20 silly audit   'use-sync-external-store': [ '1.6.0' ],
20 silly audit   'util-deprecate': [ '1.0.2' ],
20 silly audit   'utility-types': [ '3.11.0' ],
20 silly audit   vite: [ '6.4.2' ],
20 silly audit   'webgl-constants': [ '1.1.1' ],
20 silly audit   'webgl-sdf-generator': [ '1.1.1' ],
20 silly audit   which: [ '2.0.2' ],
20 silly audit   'word-wrap': [ '1.2.5' ],
20 silly audit   yallist: [ '3.1.1' ],
20 silly audit   'yocto-queue': [ '0.1.0' ],
20 silly audit   zod: [ '3.25.76' ],
20 silly audit   '@types/three': [ '0.184.0' ]
20 silly audit }
21 http fetch POST 200 https://registry.npmjs.org/-/npm/v1/security/advisories/bulk 554ms
22 silly audit report {}
23 verbose cwd /Users/domesanj/Documents/Projects/My Portfolio main
24 verbose os Darwin 25.4.0
25 verbose node v24.11.1
26 verbose npm  v11.6.2
27 verbose exit 0
28 info ok
